2022-10-27 10:54:57.904 [background-preinit] INFO  org.hibernate.validator.internal.util.Version - HV000001: Hibernate Validator 6.1.7.Final 
2022-10-27 10:54:57.982 [restartedMain] INFO  com.latrell.CommonToolsApplication - Starting CommonToolsApplication using Java 1.8.0_172 on LAPTOP-G8L8NV6F with PID 32220 (E:\latrell\latrell-code\target\classes started by liz in E:\latrell\latrell-code) 
2022-10-27 10:54:57.982 [restartedMain] DEBUG com.latrell.CommonToolsApplication - Running with Spring Boot v2.4.4, Spring v5.3.5 
2022-10-27 10:54:57.982 [restartedMain] INFO  com.latrell.CommonToolsApplication - No active profile set, falling back to default profiles: default 
2022-10-27 10:54:58.107 [restartedMain] INFO  o.s.b.d.env.DevToolsPropertyDefaultsPostProcessor - Devtools property defaults active! Set 'spring.devtools.add-properties' to 'false' to disable 
2022-10-27 10:54:58.107 [restartedMain] INFO  o.s.b.d.env.DevToolsPropertyDefaultsPostProcessor - For additional web related logging consider setting the 'logging.level.web' property to 'DEBUG' 
2022-10-27 10:54:59.050 [background-preinit] WARN  o.s.h.converter.json.Jackson2ObjectMapperBuilder - For Jackson Kotlin classes support please add "com.fasterxml.jackson.module:jackson-module-kotlin" to the classpath 
2022-10-27 10:55:00.473 [restartedMain] INFO  o.s.d.r.config.RepositoryConfigurationDelegate - Multiple Spring Data modules found, entering strict repository configuration mode! 
2022-10-27 10:55:00.473 [restartedMain] INFO  o.s.d.r.config.RepositoryConfigurationDelegate - Bootstrapping Spring Data Redis repositories in DEFAULT mode. 
2022-10-27 10:55:00.520 [restartedMain] INFO  o.s.d.r.config.RepositoryConfigurationDelegate - Finished Spring Data repository scanning in 24 ms. Found 0 Redis repository interfaces. 
2022-10-27 10:55:01.928 [restartedMain] INFO  o.s.boot.web.embedded.tomcat.TomcatWebServer - Tomcat initialized with port(s): 8180 (http) 
2022-10-27 10:55:01.944 [restartedMain] INFO  org.apache.coyote.http11.Http11NioProtocol - Initializing ProtocolHandler ["http-nio-8180"] 
2022-10-27 10:55:01.944 [restartedMain] INFO  org.apache.catalina.core.StandardService - Starting service [Tomcat] 
2022-10-27 10:55:01.944 [restartedMain] INFO  org.apache.catalina.core.StandardEngine - Starting Servlet engine: [Apache Tomcat/9.0.44] 
2022-10-27 10:55:02.115 [restartedMain] INFO  o.a.c.core.ContainerBase.[Tomcat].[localhost].[/] - Initializing Spring embedded WebApplicationContext 
2022-10-27 10:55:02.115 [restartedMain] INFO  o.s.b.w.s.c.ServletWebServerApplicationContext - Root WebApplicationContext: initialization completed in 4008 ms 
2022-10-27 10:55:02.458 [restartedMain] DEBUG c.l.common.config.spring.aspect.log.ApiLogFilter - Filter 'apiLogFilter' configured for use 
2022-10-27 10:55:05.374 [restartedMain] INFO  com.latrell.common.config.rocketmq.ApiLogConsumer - API 日志消费者 启动成功... 
2022-10-27 10:55:05.695 [restartedMain] INFO  com.latrell.common.config.rocketmq.ApiLogProducer - API 日志生产者 启动成功... 
2022-10-27 10:55:07.458 [restartedMain] INFO  s.d.s.w.PropertySourcedRequestMappingHandlerMapping - Mapped URL path [/v2/api-docs] onto method [springfox.documentation.swagger2.web.Swagger2Controller#getDocumentation(String, HttpServletRequest)] 
2022-10-27 10:55:07.632 [restartedMain] INFO  o.s.scheduling.concurrent.ThreadPoolTaskExecutor - Initializing ExecutorService 'applicationTaskExecutor' 
2022-10-27 10:55:07.710 [restartedMain] INFO  o.s.b.d.autoconfigure.OptionalLiveReloadServer - LiveReload server is running on port 35729 
2022-10-27 10:55:08.293 [restartedMain] INFO  org.flywaydb.core.internal.license.VersionPrinter - Flyway Community Edition 7.1.1 by Redgate 
2022-10-27 10:55:08.309 [restartedMain] INFO  com.zaxxer.hikari.HikariDataSource - HikariPool-1 - Starting... 
2022-10-27 10:55:08.531 [restartedMain] INFO  com.zaxxer.hikari.HikariDataSource - HikariPool-1 - Start completed. 
2022-10-27 10:55:08.609 [restartedMain] INFO  o.f.core.internal.database.base.DatabaseType - Database: jdbc:mysql://localhost:3306/common-tools (MySQL 5.7) 
2022-10-27 10:55:08.734 [restartedMain] INFO  org.flywaydb.core.internal.command.DbValidate - Successfully validated 3 migrations (execution time 00:00.084s) 
2022-10-27 10:55:08.750 [restartedMain] INFO  org.flywaydb.core.internal.command.DbMigrate - Current version of schema `common-tools`: 20221012140508 
2022-10-27 10:55:08.750 [restartedMain] INFO  org.flywaydb.core.internal.command.DbMigrate - Schema `common-tools` is up to date. No migration necessary. 
2022-10-27 10:55:09.238 [restartedMain] INFO  org.apache.coyote.http11.Http11NioProtocol - Starting ProtocolHandler ["http-nio-8180"] 
2022-10-27 10:55:09.252 [restartedMain] INFO  o.s.boot.web.embedded.tomcat.TomcatWebServer - Tomcat started on port(s): 8180 (http) with context path '' 
2022-10-27 10:55:09.252 [restartedMain] INFO  s.d.s.web.plugins.DocumentationPluginsBootstrapper - Context refreshed 
2022-10-27 10:55:09.299 [restartedMain] INFO  s.d.s.web.plugins.DocumentationPluginsBootstrapper - Found 1 custom documentation plugin(s) 
2022-10-27 10:55:09.378 [restartedMain] INFO  s.d.spring.web.scanners.ApiListingReferenceScanner - Scanning for api listing references 
2022-10-27 10:55:09.681 [restartedMain] INFO  com.latrell.CommonToolsApplication - Started CommonToolsApplication in 13.651 seconds (JVM running for 17.067) 
2022-10-27 10:55:09.681 [restartedMain] INFO  c.l.common.config.spring.event.CustomEventCaster - 应用启动成功后，发送通知事件 
2022-10-27 10:55:09.697 [restartedMain] INFO  com.latrell.CommonToolsApplication - application started! 
2022-10-27 10:55:13.502 [http-nio-8180-exec-1] INFO  o.a.c.core.ContainerBase.[Tomcat].[localhost].[/] - Initializing Spring DispatcherServlet 'dispatcherServlet' 
2022-10-27 10:55:13.502 [http-nio-8180-exec-1] INFO  org.springframework.web.servlet.DispatcherServlet - Initializing Servlet 'dispatcherServlet' 
2022-10-27 10:55:13.504 [http-nio-8180-exec-1] INFO  org.springframework.web.servlet.DispatcherServlet - Completed initialization in 2 ms 
2022-10-27 10:55:45.902 [http-nio-8180-exec-10] INFO  c.l.common.config.spring.aspect.log.ApiLogAspect - 操作IP地址：10.11.44.220，
接口Uri: /api/user/getList，
请求参数：null，
响应内容：{"code":0,"data":[{"createdTime":"2022-10-11T22:34:01","gender":1,"password":"E10ADC3949BA59ABBE56E057F20F883E","phoneNumber":"15732156810","realName":"系统管理员","removed":0,"updatedTime":"2022-10-11T22:33:58","userId":1,"userName":"admin"},{"createdTime":"2022-10-11T22:36:28","gender":1,"password":"E10ADC3949BA59ABBE56E057F20F883E","phoneNumber":"18110436810","realName":"拉特德尔","removed":0,"updatedTime":"2022-10-11T22:36:36","userId":2,"userName":"latrell"},{"createdTime":"2022-10-12T10:19:09","gender":1,"password":"E10ADC3949BA59ABBE56E057F20F883E","phoneNumber":"13622189787","realName":"李四","removed":0,"updatedTime":"2022-10-12T10:19:12","userId":3,"userName":"Antony"},{"createdTime":"2022-10-12T10:31:25","gender":0,"password":"E10ADC3949BA59ABBE56E057F20F883E","phoneNumber":"15856211992","realName":"丽萨","removed":0,"userId":4,"userName":"Lisa"},{"createdTime":"2022-10-12T15:24:31","gender":0,"password":"E10ADC3949BA59ABBE56E057F20F883E","phoneNumber":"18325784388","realName":"玛丽","removed":0,"updatedTime":"2022-10-12T15:24:31","userId":5,"userName":"Mary"},{"createdTime":"2022-10-12T17:36:55","gender":0,"password":"E10ADC3949BA59ABBE56E057F20F883E","phoneNumber":"15678451245","realName":"马飞","removed":0,"updatedTime":"2022-10-12T17:36:55","userId":11,"userName":"Mafe"},{"createdTime":"2022-10-13T09:49:43","gender":0,"password":"E10ADC3949BA59ABBE56E057F20F883E","phoneNumber":"19658741258","realName":"南孙","removed":0,"updatedTime":"2022-10-13T09:49:43","userId":12,"userName":"Nancy"},{"createdTime":"2022-10-13T09:59:22","gender":0,"password":"E10ADC3949BA59ABBE56E057F20F883E","phoneNumber":"15478412589","realName":"森碟","removed":0,"updatedTime":"2022-10-13T09:59:22","userId":13,"userName":"Cindy"}],"message":"成功","pageId":"common_tools","success":true}, 
接口请求耗时：0.345 s 
2022-10-27 10:55:45.911 [fixed-thread-0] WARN  c.l.common.config.mybatis.MybatisPlusObjectHandler - mybatis set updated_time error. org.apache.ibatis.reflection.ReflectionException: Could not set property 'updatedTime' of 'class com.latrell.test.domain.OperateLog' with value '2022-10-27T10:55:45.909' Cause: org.apache.ibatis.reflection.ReflectionException: There is no setter for property named 'updatedTime' in 'class com.latrell.test.domain.OperateLog' 
2022-10-27 10:55:45.941 [fixed-thread-0] WARN  com.latrell.common.config.rocketmq.ApiLogProducer - 生产者发送消息异常：{} 
org.apache.rocketmq.client.exception.MQClientException: No route info of this topic, apiLog
See http://rocketmq.apache.org/docs/faq/ for further details.
	at org.apache.rocketmq.client.impl.producer.DefaultMQProducerImpl.sendDefaultImpl(DefaultMQProducerImpl.java:662)
	at org.apache.rocketmq.client.impl.producer.DefaultMQProducerImpl.send(DefaultMQProducerImpl.java:1310)
	at org.apache.rocketmq.client.impl.producer.DefaultMQProducerImpl.send(DefaultMQProducerImpl.java:1256)
	at org.apache.rocketmq.client.producer.DefaultMQProducer.send(DefaultMQProducer.java:339)
	at com.latrell.common.config.rocketmq.ApiLogProducer.sendMsg(ApiLogProducer.java:76)
	at com.latrell.common.config.spring.aspect.log.ApiLogAspect.lambda$process$0(ApiLogAspect.java:84)
	at java.util.concurrent.Executors$RunnableAdapter.call(Executors.java:511)
	at java.util.concurrent.FutureTask.run$$$capture(FutureTask.java:266)
	at java.util.concurrent.FutureTask.run(FutureTask.java)
	at java.util.concurrent.ThreadPoolExecutor.runWorker(ThreadPoolExecutor.java:1149)
	at java.util.concurrent.ThreadPoolExecutor$Worker.run(ThreadPoolExecutor.java:624)
	at java.lang.Thread.run(Thread.java:748)
2022-10-27 10:59:15.609 [http-nio-8180-exec-8] WARN  c.l.common.config.exception.CommonExceptionAdvice - web api unknown exception:{} 
org.springframework.http.converter.HttpMessageConversionException: Type definition error: [simple type, class java.time.LocalDateTime]; nested exception is com.fasterxml.jackson.databind.exc.InvalidDefinitionException: Cannot construct instance of `java.time.LocalDateTime` (no Creators, like default constructor, exist): no String-argument constructor/factory method to deserialize from String value ('2022-10-27T02:55:16.464Z')
 at [Source: (PushbackInputStream); line: 10, column: 15] (through reference chain: java.util.ArrayList[0]->com.latrell.test.domain.OperateLog["opTime"])
	at org.springframework.http.converter.json.AbstractJackson2HttpMessageConverter.readJavaType(AbstractJackson2HttpMessageConverter.java:386)
	at org.springframework.http.converter.json.AbstractJackson2HttpMessageConverter.read(AbstractJackson2HttpMessageConverter.java:342)
	at org.springframework.web.servlet.mvc.method.annotation.AbstractMessageConverterMethodArgumentResolver.readWithMessageConverters(AbstractMessageConverterMethodArgumentResolver.java:186)
	at org.springframework.web.servlet.mvc.method.annotation.RequestResponseBodyMethodProcessor.readWithMessageConverters(RequestResponseBodyMethodProcessor.java:158)
	at org.springframework.web.servlet.mvc.method.annotation.RequestResponseBodyMethodProcessor.resolveArgument(RequestResponseBodyMethodProcessor.java:131)
	at org.springframework.web.method.support.HandlerMethodArgumentResolverComposite.resolveArgument(HandlerMethodArgumentResolverComposite.java:121)
	at org.springframework.web.method.support.InvocableHandlerMethod.getMethodArgumentValues(InvocableHandlerMethod.java:170)
	at org.springframework.web.method.support.InvocableHandlerMethod.invokeForRequest(InvocableHandlerMethod.java:137)
	at org.springframework.web.servlet.mvc.method.annotation.ServletInvocableHandlerMethod.invokeAndHandle(ServletInvocableHandlerMethod.java:106)
	at org.springframework.web.servlet.mvc.method.annotation.RequestMappingHandlerAdapter.invokeHandlerMethod(RequestMappingHandlerAdapter.java:894)
	at org.springframework.web.servlet.mvc.method.annotation.RequestMappingHandlerAdapter.handleInternal(RequestMappingHandlerAdapter.java:808)
	at org.springframework.web.servlet.mvc.method.AbstractHandlerMethodAdapter.handle(AbstractHandlerMethodAdapter.java:87)
	at org.springframework.web.servlet.DispatcherServlet.doDispatch(DispatcherServlet.java:1060)
	at org.springframework.web.servlet.DispatcherServlet.doService(DispatcherServlet.java:962)
	at org.springframework.web.servlet.FrameworkServlet.processRequest(FrameworkServlet.java:1006)
	at org.springframework.web.servlet.FrameworkServlet.doPost(FrameworkServlet.java:909)
	at javax.servlet.http.HttpServlet.service(HttpServlet.java:652)
	at org.springframework.web.servlet.FrameworkServlet.service(FrameworkServlet.java:883)
	at javax.servlet.http.HttpServlet.service(HttpServlet.java:733)
	at org.apache.catalina.core.ApplicationFilterChain.internalDoFilter(ApplicationFilterChain.java:227)
	at org.apache.catalina.core.ApplicationFilterChain.doFilter(ApplicationFilterChain.java:162)
	at org.apache.tomcat.websocket.server.WsFilter.doFilter(WsFilter.java:53)
	at org.apache.catalina.core.ApplicationFilterChain.internalDoFilter(ApplicationFilterChain.java:189)
	at org.apache.catalina.core.ApplicationFilterChain.doFilter(ApplicationFilterChain.java:162)
	at com.latrell.common.config.spring.aspect.log.ApiLogFilter.doFilterInternal(ApiLogFilter.java:80)
	at org.springframework.web.filter.OncePerRequestFilter.doFilter(OncePerRequestFilter.java:119)
	at org.apache.catalina.core.ApplicationFilterChain.internalDoFilter(ApplicationFilterChain.java:189)
	at org.apache.catalina.core.ApplicationFilterChain.doFilter(ApplicationFilterChain.java:162)
	at org.springframework.web.filter.RequestContextFilter.doFilterInternal(RequestContextFilter.java:100)
	at org.springframework.web.filter.OncePerRequestFilter.doFilter(OncePerRequestFilter.java:119)
	at org.apache.catalina.core.ApplicationFilterChain.internalDoFilter(ApplicationFilterChain.java:189)
	at org.apache.catalina.core.ApplicationFilterChain.doFilter(ApplicationFilterChain.java:162)
	at org.springframework.web.filter.FormContentFilter.doFilterInternal(FormContentFilter.java:93)
	at org.springframework.web.filter.OncePerRequestFilter.doFilter(OncePerRequestFilter.java:119)
	at org.apache.catalina.core.ApplicationFilterChain.internalDoFilter(ApplicationFilterChain.java:189)
	at org.apache.catalina.core.ApplicationFilterChain.doFilter(ApplicationFilterChain.java:162)
	at org.springframework.web.filter.CharacterEncodingFilter.doFilterInternal(CharacterEncodingFilter.java:201)
	at org.springframework.web.filter.OncePerRequestFilter.doFilter(OncePerRequestFilter.java:119)
	at org.apache.catalina.core.ApplicationFilterChain.internalDoFilter(ApplicationFilterChain.java:189)
	at org.apache.catalina.core.ApplicationFilterChain.doFilter(ApplicationFilterChain.java:162)
	at org.apache.catalina.core.StandardWrapperValve.invoke(StandardWrapperValve.java:202)
	at org.apache.catalina.core.StandardContextValve.invoke(StandardContextValve.java:97)
	at org.apache.catalina.authenticator.AuthenticatorBase.invoke(AuthenticatorBase.java:542)
	at org.apache.catalina.core.StandardHostValve.invoke(StandardHostValve.java:143)
	at org.apache.catalina.valves.ErrorReportValve.invoke(ErrorReportValve.java:92)
	at org.apache.catalina.core.StandardEngineValve.invoke(StandardEngineValve.java:78)
	at org.apache.catalina.connector.CoyoteAdapter.service(CoyoteAdapter.java:357)
	at org.apache.coyote.http11.Http11Processor.service(Http11Processor.java:374)
	at org.apache.coyote.AbstractProcessorLight.process(AbstractProcessorLight.java:65)
	at org.apache.coyote.AbstractProtocol$ConnectionHandler.process(AbstractProtocol.java:893)
	at org.apache.tomcat.util.net.NioEndpoint$SocketProcessor.doRun(NioEndpoint.java:1707)
	at org.apache.tomcat.util.net.SocketProcessorBase.run(SocketProcessorBase.java:49)
	at java.util.concurrent.ThreadPoolExecutor.runWorker(ThreadPoolExecutor.java:1149)
	at java.util.concurrent.ThreadPoolExecutor$Worker.run(ThreadPoolExecutor.java:624)
	at org.apache.tomcat.util.threads.TaskThread$WrappingRunnable.run(TaskThread.java:61)
	at java.lang.Thread.run(Thread.java:748)
Caused by: com.fasterxml.jackson.databind.exc.InvalidDefinitionException: Cannot construct instance of `java.time.LocalDateTime` (no Creators, like default constructor, exist): no String-argument constructor/factory method to deserialize from String value ('2022-10-27T02:55:16.464Z')
 at [Source: (PushbackInputStream); line: 10, column: 15] (through reference chain: java.util.ArrayList[0]->com.latrell.test.domain.OperateLog["opTime"])
	at com.fasterxml.jackson.databind.exc.InvalidDefinitionException.from(InvalidDefinitionException.java:67)
	at com.fasterxml.jackson.databind.DeserializationContext.reportBadDefinition(DeserializationContext.java:1615)
	at com.fasterxml.jackson.databind.DatabindContext.reportBadDefinition(DatabindContext.java:400)
	at com.fasterxml.jackson.databind.DeserializationContext.handleMissingInstantiator(DeserializationContext.java:1077)
	at com.fasterxml.jackson.databind.deser.ValueInstantiator._createFromStringFallbacks(ValueInstantiator.java:371)
	at com.fasterxml.jackson.databind.deser.std.StdValueInstantiator.createFromString(StdValueInstantiator.java:323)
	at com.fasterxml.jackson.databind.deser.BeanDeserializerBase.deserializeFromString(BeanDeserializerBase.java:1408)
	at com.fasterxml.jackson.databind.deser.BeanDeserializer._deserializeOther(BeanDeserializer.java:176)
	at com.fasterxml.jackson.databind.deser.BeanDeserializer.deserialize(BeanDeserializer.java:166)
	at com.fasterxml.jackson.databind.deser.impl.MethodProperty.deserializeAndSet(MethodProperty.java:129)
	at com.fasterxml.jackson.databind.deser.BeanDeserializer.vanillaDeserialize(BeanDeserializer.java:293)
	at com.fasterxml.jackson.databind.deser.BeanDeserializer.deserialize(BeanDeserializer.java:156)
	at com.fasterxml.jackson.databind.deser.std.CollectionDeserializer.deserialize(CollectionDeserializer.java:290)
	at com.fasterxml.jackson.databind.deser.std.CollectionDeserializer.deserialize(CollectionDeserializer.java:249)
	at com.fasterxml.jackson.databind.deser.std.CollectionDeserializer.deserialize(CollectionDeserializer.java:26)
	at com.fasterxml.jackson.databind.ObjectMapper._readMapAndClose(ObjectMapper.java:4526)
	at com.fasterxml.jackson.databind.ObjectMapper.readValue(ObjectMapper.java:3521)
	at org.springframework.http.converter.json.AbstractJackson2HttpMessageConverter.readJavaType(AbstractJackson2HttpMessageConverter.java:378)
	... 55 common frames omitted
2022-10-27 10:59:15.611 [http-nio-8180-exec-8] WARN  o.s.w.s.m.m.a.ExceptionHandlerExceptionResolver - Resolved [org.springframework.http.converter.HttpMessageConversionException: Type definition error: [simple type, class java.time.LocalDateTime]; nested exception is com.fasterxml.jackson.databind.exc.InvalidDefinitionException: Cannot construct instance of `java.time.LocalDateTime` (no Creators, like default constructor, exist): no String-argument constructor/factory method to deserialize from String value ('2022-10-27T02:55:16.464Z')
 at [Source: (PushbackInputStream); line: 10, column: 15] (through reference chain: java.util.ArrayList[0]->com.latrell.test.domain.OperateLog["opTime"])] 
2022-10-27 11:00:35.675 [http-nio-8180-exec-9] WARN  c.l.common.config.exception.CommonExceptionAdvice - web api unknown exception:{} 
org.springframework.http.converter.HttpMessageConversionException: Type definition error: [simple type, class java.time.LocalDateTime]; nested exception is com.fasterxml.jackson.databind.exc.InvalidDefinitionException: Cannot construct instance of `java.time.LocalDateTime` (no Creators, like default constructor, exist): no String-argument constructor/factory method to deserialize from String value ('2022-10-27 02:55:16')
 at [Source: (PushbackInputStream); line: 10, column: 15] (through reference chain: java.util.ArrayList[0]->com.latrell.test.domain.OperateLog["opTime"])
	at org.springframework.http.converter.json.AbstractJackson2HttpMessageConverter.readJavaType(AbstractJackson2HttpMessageConverter.java:386)
	at org.springframework.http.converter.json.AbstractJackson2HttpMessageConverter.read(AbstractJackson2HttpMessageConverter.java:342)
	at org.springframework.web.servlet.mvc.method.annotation.AbstractMessageConverterMethodArgumentResolver.readWithMessageConverters(AbstractMessageConverterMethodArgumentResolver.java:186)
	at org.springframework.web.servlet.mvc.method.annotation.RequestResponseBodyMethodProcessor.readWithMessageConverters(RequestResponseBodyMethodProcessor.java:158)
	at org.springframework.web.servlet.mvc.method.annotation.RequestResponseBodyMethodProcessor.resolveArgument(RequestResponseBodyMethodProcessor.java:131)
	at org.springframework.web.method.support.HandlerMethodArgumentResolverComposite.resolveArgument(HandlerMethodArgumentResolverComposite.java:121)
	at org.springframework.web.method.support.InvocableHandlerMethod.getMethodArgumentValues(InvocableHandlerMethod.java:170)
	at org.springframework.web.method.support.InvocableHandlerMethod.invokeForRequest(InvocableHandlerMethod.java:137)
	at org.springframework.web.servlet.mvc.method.annotation.ServletInvocableHandlerMethod.invokeAndHandle(ServletInvocableHandlerMethod.java:106)
	at org.springframework.web.servlet.mvc.method.annotation.RequestMappingHandlerAdapter.invokeHandlerMethod(RequestMappingHandlerAdapter.java:894)
	at org.springframework.web.servlet.mvc.method.annotation.RequestMappingHandlerAdapter.handleInternal(RequestMappingHandlerAdapter.java:808)
	at org.springframework.web.servlet.mvc.method.AbstractHandlerMethodAdapter.handle(AbstractHandlerMethodAdapter.java:87)
	at org.springframework.web.servlet.DispatcherServlet.doDispatch(DispatcherServlet.java:1060)
	at org.springframework.web.servlet.DispatcherServlet.doService(DispatcherServlet.java:962)
	at org.springframework.web.servlet.FrameworkServlet.processRequest(FrameworkServlet.java:1006)
	at org.springframework.web.servlet.FrameworkServlet.doPost(FrameworkServlet.java:909)
	at javax.servlet.http.HttpServlet.service(HttpServlet.java:652)
	at org.springframework.web.servlet.FrameworkServlet.service(FrameworkServlet.java:883)
	at javax.servlet.http.HttpServlet.service(HttpServlet.java:733)
	at org.apache.catalina.core.ApplicationFilterChain.internalDoFilter(ApplicationFilterChain.java:227)
	at org.apache.catalina.core.ApplicationFilterChain.doFilter(ApplicationFilterChain.java:162)
	at org.apache.tomcat.websocket.server.WsFilter.doFilter(WsFilter.java:53)
	at org.apache.catalina.core.ApplicationFilterChain.internalDoFilter(ApplicationFilterChain.java:189)
	at org.apache.catalina.core.ApplicationFilterChain.doFilter(ApplicationFilterChain.java:162)
	at com.latrell.common.config.spring.aspect.log.ApiLogFilter.doFilterInternal(ApiLogFilter.java:80)
	at org.springframework.web.filter.OncePerRequestFilter.doFilter(OncePerRequestFilter.java:119)
	at org.apache.catalina.core.ApplicationFilterChain.internalDoFilter(ApplicationFilterChain.java:189)
	at org.apache.catalina.core.ApplicationFilterChain.doFilter(ApplicationFilterChain.java:162)
	at org.springframework.web.filter.RequestContextFilter.doFilterInternal(RequestContextFilter.java:100)
	at org.springframework.web.filter.OncePerRequestFilter.doFilter(OncePerRequestFilter.java:119)
	at org.apache.catalina.core.ApplicationFilterChain.internalDoFilter(ApplicationFilterChain.java:189)
	at org.apache.catalina.core.ApplicationFilterChain.doFilter(ApplicationFilterChain.java:162)
	at org.springframework.web.filter.FormContentFilter.doFilterInternal(FormContentFilter.java:93)
	at org.springframework.web.filter.OncePerRequestFilter.doFilter(OncePerRequestFilter.java:119)
	at org.apache.catalina.core.ApplicationFilterChain.internalDoFilter(ApplicationFilterChain.java:189)
	at org.apache.catalina.core.ApplicationFilterChain.doFilter(ApplicationFilterChain.java:162)
	at org.springframework.web.filter.CharacterEncodingFilter.doFilterInternal(CharacterEncodingFilter.java:201)
	at org.springframework.web.filter.OncePerRequestFilter.doFilter(OncePerRequestFilter.java:119)
	at org.apache.catalina.core.ApplicationFilterChain.internalDoFilter(ApplicationFilterChain.java:189)
	at org.apache.catalina.core.ApplicationFilterChain.doFilter(ApplicationFilterChain.java:162)
	at org.apache.catalina.core.StandardWrapperValve.invoke(StandardWrapperValve.java:202)
	at org.apache.catalina.core.StandardContextValve.invoke(StandardContextValve.java:97)
	at org.apache.catalina.authenticator.AuthenticatorBase.invoke(AuthenticatorBase.java:542)
	at org.apache.catalina.core.StandardHostValve.invoke(StandardHostValve.java:143)
	at org.apache.catalina.valves.ErrorReportValve.invoke(ErrorReportValve.java:92)
	at org.apache.catalina.core.StandardEngineValve.invoke(StandardEngineValve.java:78)
	at org.apache.catalina.connector.CoyoteAdapter.service(CoyoteAdapter.java:357)
	at org.apache.coyote.http11.Http11Processor.service(Http11Processor.java:374)
	at org.apache.coyote.AbstractProcessorLight.process(AbstractProcessorLight.java:65)
	at org.apache.coyote.AbstractProtocol$ConnectionHandler.process(AbstractProtocol.java:893)
	at org.apache.tomcat.util.net.NioEndpoint$SocketProcessor.doRun(NioEndpoint.java:1707)
	at org.apache.tomcat.util.net.SocketProcessorBase.run(SocketProcessorBase.java:49)
	at java.util.concurrent.ThreadPoolExecutor.runWorker(ThreadPoolExecutor.java:1149)
	at java.util.concurrent.ThreadPoolExecutor$Worker.run(ThreadPoolExecutor.java:624)
	at org.apache.tomcat.util.threads.TaskThread$WrappingRunnable.run(TaskThread.java:61)
	at java.lang.Thread.run(Thread.java:748)
Caused by: com.fasterxml.jackson.databind.exc.InvalidDefinitionException: Cannot construct instance of `java.time.LocalDateTime` (no Creators, like default constructor, exist): no String-argument constructor/factory method to deserialize from String value ('2022-10-27 02:55:16')
 at [Source: (PushbackInputStream); line: 10, column: 15] (through reference chain: java.util.ArrayList[0]->com.latrell.test.domain.OperateLog["opTime"])
	at com.fasterxml.jackson.databind.exc.InvalidDefinitionException.from(InvalidDefinitionException.java:67)
	at com.fasterxml.jackson.databind.DeserializationContext.reportBadDefinition(DeserializationContext.java:1615)
	at com.fasterxml.jackson.databind.DatabindContext.reportBadDefinition(DatabindContext.java:400)
	at com.fasterxml.jackson.databind.DeserializationContext.handleMissingInstantiator(DeserializationContext.java:1077)
	at com.fasterxml.jackson.databind.deser.ValueInstantiator._createFromStringFallbacks(ValueInstantiator.java:371)
	at com.fasterxml.jackson.databind.deser.std.StdValueInstantiator.createFromString(StdValueInstantiator.java:323)
	at com.fasterxml.jackson.databind.deser.BeanDeserializerBase.deserializeFromString(BeanDeserializerBase.java:1408)
	at com.fasterxml.jackson.databind.deser.BeanDeserializer._deserializeOther(BeanDeserializer.java:176)
	at com.fasterxml.jackson.databind.deser.BeanDeserializer.deserialize(BeanDeserializer.java:166)
	at com.fasterxml.jackson.databind.deser.impl.MethodProperty.deserializeAndSet(MethodProperty.java:129)
	at com.fasterxml.jackson.databind.deser.BeanDeserializer.vanillaDeserialize(BeanDeserializer.java:293)
	at com.fasterxml.jackson.databind.deser.BeanDeserializer.deserialize(BeanDeserializer.java:156)
	at com.fasterxml.jackson.databind.deser.std.CollectionDeserializer.deserialize(CollectionDeserializer.java:290)
	at com.fasterxml.jackson.databind.deser.std.CollectionDeserializer.deserialize(CollectionDeserializer.java:249)
	at com.fasterxml.jackson.databind.deser.std.CollectionDeserializer.deserialize(CollectionDeserializer.java:26)
	at com.fasterxml.jackson.databind.ObjectMapper._readMapAndClose(ObjectMapper.java:4526)
	at com.fasterxml.jackson.databind.ObjectMapper.readValue(ObjectMapper.java:3521)
	at org.springframework.http.converter.json.AbstractJackson2HttpMessageConverter.readJavaType(AbstractJackson2HttpMessageConverter.java:378)
	... 55 common frames omitted
2022-10-27 11:00:35.676 [http-nio-8180-exec-9] WARN  o.s.w.s.m.m.a.ExceptionHandlerExceptionResolver - Resolved [org.springframework.http.converter.HttpMessageConversionException: Type definition error: [simple type, class java.time.LocalDateTime]; nested exception is com.fasterxml.jackson.databind.exc.InvalidDefinitionException: Cannot construct instance of `java.time.LocalDateTime` (no Creators, like default constructor, exist): no String-argument constructor/factory method to deserialize from String value ('2022-10-27 02:55:16')
 at [Source: (PushbackInputStream); line: 10, column: 15] (through reference chain: java.util.ArrayList[0]->com.latrell.test.domain.OperateLog["opTime"])] 
2022-10-27 11:01:11.342 [http-nio-8180-exec-10] WARN  c.l.common.config.exception.CommonExceptionAdvice - web api unknown exception:{} 
org.springframework.http.converter.HttpMessageNotReadableException: JSON parse error: Unexpected character ('c' (code 99)): was expecting comma to separate Object entries; nested exception is com.fasterxml.jackson.databind.JsonMappingException: Unexpected character ('c' (code 99)): was expecting comma to separate Object entries
 at [Source: (PushbackInputStream); line: 14, column: 28] (through reference chain: java.util.ArrayList[0])
	at org.springframework.http.converter.json.AbstractJackson2HttpMessageConverter.readJavaType(AbstractJackson2HttpMessageConverter.java:389)
	at org.springframework.http.converter.json.AbstractJackson2HttpMessageConverter.read(AbstractJackson2HttpMessageConverter.java:342)
	at org.springframework.web.servlet.mvc.method.annotation.AbstractMessageConverterMethodArgumentResolver.readWithMessageConverters(AbstractMessageConverterMethodArgumentResolver.java:186)
	at org.springframework.web.servlet.mvc.method.annotation.RequestResponseBodyMethodProcessor.readWithMessageConverters(RequestResponseBodyMethodProcessor.java:158)
	at org.springframework.web.servlet.mvc.method.annotation.RequestResponseBodyMethodProcessor.resolveArgument(RequestResponseBodyMethodProcessor.java:131)
	at org.springframework.web.method.support.HandlerMethodArgumentResolverComposite.resolveArgument(HandlerMethodArgumentResolverComposite.java:121)
	at org.springframework.web.method.support.InvocableHandlerMethod.getMethodArgumentValues(InvocableHandlerMethod.java:170)
	at org.springframework.web.method.support.InvocableHandlerMethod.invokeForRequest(InvocableHandlerMethod.java:137)
	at org.springframework.web.servlet.mvc.method.annotation.ServletInvocableHandlerMethod.invokeAndHandle(ServletInvocableHandlerMethod.java:106)
	at org.springframework.web.servlet.mvc.method.annotation.RequestMappingHandlerAdapter.invokeHandlerMethod(RequestMappingHandlerAdapter.java:894)
	at org.springframework.web.servlet.mvc.method.annotation.RequestMappingHandlerAdapter.handleInternal(RequestMappingHandlerAdapter.java:808)
	at org.springframework.web.servlet.mvc.method.AbstractHandlerMethodAdapter.handle(AbstractHandlerMethodAdapter.java:87)
	at org.springframework.web.servlet.DispatcherServlet.doDispatch(DispatcherServlet.java:1060)
	at org.springframework.web.servlet.DispatcherServlet.doService(DispatcherServlet.java:962)
	at org.springframework.web.servlet.FrameworkServlet.processRequest(FrameworkServlet.java:1006)
	at org.springframework.web.servlet.FrameworkServlet.doPost(FrameworkServlet.java:909)
	at javax.servlet.http.HttpServlet.service(HttpServlet.java:652)
	at org.springframework.web.servlet.FrameworkServlet.service(FrameworkServlet.java:883)
	at javax.servlet.http.HttpServlet.service(HttpServlet.java:733)
	at org.apache.catalina.core.ApplicationFilterChain.internalDoFilter(ApplicationFilterChain.java:227)
	at org.apache.catalina.core.ApplicationFilterChain.doFilter(ApplicationFilterChain.java:162)
	at org.apache.tomcat.websocket.server.WsFilter.doFilter(WsFilter.java:53)
	at org.apache.catalina.core.ApplicationFilterChain.internalDoFilter(ApplicationFilterChain.java:189)
	at org.apache.catalina.core.ApplicationFilterChain.doFilter(ApplicationFilterChain.java:162)
	at com.latrell.common.config.spring.aspect.log.ApiLogFilter.doFilterInternal(ApiLogFilter.java:80)
	at org.springframework.web.filter.OncePerRequestFilter.doFilter(OncePerRequestFilter.java:119)
	at org.apache.catalina.core.ApplicationFilterChain.internalDoFilter(ApplicationFilterChain.java:189)
	at org.apache.catalina.core.ApplicationFilterChain.doFilter(ApplicationFilterChain.java:162)
	at org.springframework.web.filter.RequestContextFilter.doFilterInternal(RequestContextFilter.java:100)
	at org.springframework.web.filter.OncePerRequestFilter.doFilter(OncePerRequestFilter.java:119)
	at org.apache.catalina.core.ApplicationFilterChain.internalDoFilter(ApplicationFilterChain.java:189)
	at org.apache.catalina.core.ApplicationFilterChain.doFilter(ApplicationFilterChain.java:162)
	at org.springframework.web.filter.FormContentFilter.doFilterInternal(FormContentFilter.java:93)
	at org.springframework.web.filter.OncePerRequestFilter.doFilter(OncePerRequestFilter.java:119)
	at org.apache.catalina.core.ApplicationFilterChain.internalDoFilter(ApplicationFilterChain.java:189)
	at org.apache.catalina.core.ApplicationFilterChain.doFilter(ApplicationFilterChain.java:162)
	at org.springframework.web.filter.CharacterEncodingFilter.doFilterInternal(CharacterEncodingFilter.java:201)
	at org.springframework.web.filter.OncePerRequestFilter.doFilter(OncePerRequestFilter.java:119)
	at org.apache.catalina.core.ApplicationFilterChain.internalDoFilter(ApplicationFilterChain.java:189)
	at org.apache.catalina.core.ApplicationFilterChain.doFilter(ApplicationFilterChain.java:162)
	at org.apache.catalina.core.StandardWrapperValve.invoke(StandardWrapperValve.java:202)
	at org.apache.catalina.core.StandardContextValve.invoke(StandardContextValve.java:97)
	at org.apache.catalina.authenticator.AuthenticatorBase.invoke(AuthenticatorBase.java:542)
	at org.apache.catalina.core.StandardHostValve.invoke(StandardHostValve.java:143)
	at org.apache.catalina.valves.ErrorReportValve.invoke(ErrorReportValve.java:92)
	at org.apache.catalina.core.StandardEngineValve.invoke(StandardEngineValve.java:78)
	at org.apache.catalina.connector.CoyoteAdapter.service(CoyoteAdapter.java:357)
	at org.apache.coyote.http11.Http11Processor.service(Http11Processor.java:374)
	at org.apache.coyote.AbstractProcessorLight.process(AbstractProcessorLight.java:65)
	at org.apache.coyote.AbstractProtocol$ConnectionHandler.process(AbstractProtocol.java:893)
	at org.apache.tomcat.util.net.NioEndpoint$SocketProcessor.doRun(NioEndpoint.java:1707)
	at org.apache.tomcat.util.net.SocketProcessorBase.run(SocketProcessorBase.java:49)
	at java.util.concurrent.ThreadPoolExecutor.runWorker(ThreadPoolExecutor.java:1149)
	at java.util.concurrent.ThreadPoolExecutor$Worker.run(ThreadPoolExecutor.java:624)
	at org.apache.tomcat.util.threads.TaskThread$WrappingRunnable.run(TaskThread.java:61)
	at java.lang.Thread.run(Thread.java:748)
Caused by: com.fasterxml.jackson.databind.JsonMappingException: Unexpected character ('c' (code 99)): was expecting comma to separate Object entries
 at [Source: (PushbackInputStream); line: 14, column: 28] (through reference chain: java.util.ArrayList[0])
	at com.fasterxml.jackson.databind.JsonMappingException.wrapWithPath(JsonMappingException.java:397)
	at com.fasterxml.jackson.databind.JsonMappingException.wrapWithPath(JsonMappingException.java:368)
	at com.fasterxml.jackson.databind.deser.std.CollectionDeserializer.deserialize(CollectionDeserializer.java:306)
	at com.fasterxml.jackson.databind.deser.std.CollectionDeserializer.deserialize(CollectionDeserializer.java:249)
	at com.fasterxml.jackson.databind.deser.std.CollectionDeserializer.deserialize(CollectionDeserializer.java:26)
	at com.fasterxml.jackson.databind.ObjectMapper._readMapAndClose(ObjectMapper.java:4526)
	at com.fasterxml.jackson.databind.ObjectMapper.readValue(ObjectMapper.java:3521)
	at org.springframework.http.converter.json.AbstractJackson2HttpMessageConverter.readJavaType(AbstractJackson2HttpMessageConverter.java:378)
	... 55 common frames omitted
Caused by: com.fasterxml.jackson.core.JsonParseException: Unexpected character ('c' (code 99)): was expecting comma to separate Object entries
 at [Source: (PushbackInputStream); line: 14, column: 28]
	at com.fasterxml.jackson.core.JsonParser._constructError(JsonParser.java:1851)
	at com.fasterxml.jackson.core.base.ParserMinimalBase._reportError(ParserMinimalBase.java:707)
	at com.fasterxml.jackson.core.base.ParserMinimalBase._reportUnexpectedChar(ParserMinimalBase.java:632)
	at com.fasterxml.jackson.core.json.UTF8StreamJsonParser.nextFieldName(UTF8StreamJsonParser.java:1019)
	at com.fasterxml.jackson.databind.deser.BeanDeserializer.vanillaDeserialize(BeanDeserializer.java:300)
	at com.fasterxml.jackson.databind.deser.BeanDeserializer.deserialize(BeanDeserializer.java:156)
	at com.fasterxml.jackson.databind.deser.std.CollectionDeserializer.deserialize(CollectionDeserializer.java:290)
	... 60 common frames omitted
2022-10-27 11:01:11.342 [http-nio-8180-exec-10] WARN  o.s.w.s.m.m.a.ExceptionHandlerExceptionResolver - Resolved [org.springframework.http.converter.HttpMessageNotReadableException: JSON parse error: Unexpected character ('c' (code 99)): was expecting comma to separate Object entries; nested exception is com.fasterxml.jackson.databind.JsonMappingException: Unexpected character ('c' (code 99)): was expecting comma to separate Object entries
 at [Source: (PushbackInputStream); line: 14, column: 28] (through reference chain: java.util.ArrayList[0])] 
2022-10-27 11:02:26.246 [fixed-thread-0] WARN  c.l.common.config.mybatis.MybatisPlusObjectHandler - mybatis set updated_time error. org.apache.ibatis.reflection.ReflectionException: Could not set property 'updatedTime' of 'class com.latrell.test.domain.OperateLog' with value '2022-10-27T11:02:26.246' Cause: org.apache.ibatis.reflection.ReflectionException: There is no setter for property named 'updatedTime' in 'class com.latrell.test.domain.OperateLog' 
2022-10-27 11:02:26.252 [http-nio-8180-exec-7] INFO  c.l.common.config.spring.aspect.log.ApiLogAspect - 操作IP地址：10.11.44.220，
接口Uri: /api/operateLog/save，
请求参数：null，
响应内容：{"code":0,"data":"null","message":"新增系统操作记录","pageId":"common_tools","success":true}, 
接口请求耗时：0.261 s 
2022-10-27 11:02:26.253 [fixed-thread-1] WARN  c.l.common.config.mybatis.MybatisPlusObjectHandler - mybatis set updated_time error. org.apache.ibatis.reflection.ReflectionException: Could not set property 'updatedTime' of 'class com.latrell.test.domain.OperateLog' with value '2022-10-27T11:02:26.253' Cause: org.apache.ibatis.reflection.ReflectionException: There is no setter for property named 'updatedTime' in 'class com.latrell.test.domain.OperateLog' 
2022-10-27 11:02:26.261 [fixed-thread-1] WARN  com.latrell.common.config.rocketmq.ApiLogProducer - 生产者发送消息异常：{} 
org.apache.rocketmq.client.exception.MQClientException: No route info of this topic, apiLog
See http://rocketmq.apache.org/docs/faq/ for further details.
	at org.apache.rocketmq.client.impl.producer.DefaultMQProducerImpl.sendDefaultImpl(DefaultMQProducerImpl.java:662)
	at org.apache.rocketmq.client.impl.producer.DefaultMQProducerImpl.send(DefaultMQProducerImpl.java:1310)
	at org.apache.rocketmq.client.impl.producer.DefaultMQProducerImpl.send(DefaultMQProducerImpl.java:1256)
	at org.apache.rocketmq.client.producer.DefaultMQProducer.send(DefaultMQProducer.java:339)
	at com.latrell.common.config.rocketmq.ApiLogProducer.sendMsg(ApiLogProducer.java:76)
	at com.latrell.common.config.spring.aspect.log.ApiLogAspect.lambda$process$0(ApiLogAspect.java:84)
	at java.util.concurrent.Executors$RunnableAdapter.call(Executors.java:511)
	at java.util.concurrent.FutureTask.run$$$capture(FutureTask.java:266)
	at java.util.concurrent.FutureTask.run(FutureTask.java)
	at java.util.concurrent.ThreadPoolExecutor.runWorker(ThreadPoolExecutor.java:1149)
	at java.util.concurrent.ThreadPoolExecutor$Worker.run(ThreadPoolExecutor.java:624)
	at java.lang.Thread.run(Thread.java:748)
2022-10-27 11:05:07.333 [fixed-thread-0] WARN  c.l.common.config.mybatis.MybatisPlusObjectHandler - mybatis set updated_time error. org.apache.ibatis.reflection.ReflectionException: Could not set property 'updatedTime' of 'class com.latrell.test.domain.OperateLog' with value '2022-10-27T11:05:07.332' Cause: org.apache.ibatis.reflection.ReflectionException: There is no setter for property named 'updatedTime' in 'class com.latrell.test.domain.OperateLog' 
2022-10-27 11:05:07.339 [fixed-thread-0] WARN  c.l.common.config.mybatis.MybatisPlusObjectHandler - mybatis set updated_time error. org.apache.ibatis.reflection.ReflectionException: Could not set property 'updatedTime' of 'class com.latrell.test.domain.OperateLog' with value '2022-10-27T11:05:07.339' Cause: org.apache.ibatis.reflection.ReflectionException: There is no setter for property named 'updatedTime' in 'class com.latrell.test.domain.OperateLog' 
2022-10-27 11:05:10.086 [fixed-thread-0] WARN  c.l.common.config.mybatis.MybatisPlusObjectHandler - mybatis set updated_time error. org.apache.ibatis.reflection.ReflectionException: Could not set property 'updatedTime' of 'class com.latrell.test.domain.OperateLog' with value '2022-10-27T11:05:10.086' Cause: org.apache.ibatis.reflection.ReflectionException: There is no setter for property named 'updatedTime' in 'class com.latrell.test.domain.OperateLog' 
2022-10-27 11:05:10.089 [fixed-thread-1] WARN  c.l.common.config.mybatis.MybatisPlusObjectHandler - mybatis set updated_time error. org.apache.ibatis.reflection.ReflectionException: Could not set property 'updatedTime' of 'class com.latrell.test.domain.OperateLog' with value '2022-10-27T11:05:10.088' Cause: org.apache.ibatis.reflection.ReflectionException: There is no setter for property named 'updatedTime' in 'class com.latrell.test.domain.OperateLog' 
2022-10-27 11:05:10.090 [fixed-thread-0] WARN  c.l.common.config.mybatis.MybatisPlusObjectHandler - mybatis set updated_time error. org.apache.ibatis.reflection.ReflectionException: Could not set property 'updatedTime' of 'class com.latrell.test.domain.OperateLog' with value '2022-10-27T11:05:10.090' Cause: org.apache.ibatis.reflection.ReflectionException: There is no setter for property named 'updatedTime' in 'class com.latrell.test.domain.OperateLog' 
2022-10-27 11:05:10.091 [fixed-thread-1] WARN  c.l.common.config.mybatis.MybatisPlusObjectHandler - mybatis set updated_time error. org.apache.ibatis.reflection.ReflectionException: Could not set property 'updatedTime' of 'class com.latrell.test.domain.OperateLog' with value '2022-10-27T11:05:10.090' Cause: org.apache.ibatis.reflection.ReflectionException: There is no setter for property named 'updatedTime' in 'class com.latrell.test.domain.OperateLog' 
2022-10-27 11:05:10.091 [fixed-thread-0] WARN  c.l.common.config.mybatis.MybatisPlusObjectHandler - mybatis set updated_time error. org.apache.ibatis.reflection.ReflectionException: Could not set property 'updatedTime' of 'class com.latrell.test.domain.OperateLog' with value '2022-10-27T11:05:10.091' Cause: org.apache.ibatis.reflection.ReflectionException: There is no setter for property named 'updatedTime' in 'class com.latrell.test.domain.OperateLog' 
2022-10-27 11:05:10.092 [fixed-thread-1] WARN  c.l.common.config.mybatis.MybatisPlusObjectHandler - mybatis set updated_time error. org.apache.ibatis.reflection.ReflectionException: Could not set property 'updatedTime' of 'class com.latrell.test.domain.OperateLog' with value '2022-10-27T11:05:10.092' Cause: org.apache.ibatis.reflection.ReflectionException: There is no setter for property named 'updatedTime' in 'class com.latrell.test.domain.OperateLog' 
2022-10-27 11:05:10.092 [fixed-thread-1] WARN  c.l.common.config.mybatis.MybatisPlusObjectHandler - mybatis set updated_time error. org.apache.ibatis.reflection.ReflectionException: Could not set property 'updatedTime' of 'class com.latrell.test.domain.OperateLog' with value '2022-10-27T11:05:10.092' Cause: org.apache.ibatis.reflection.ReflectionException: There is no setter for property named 'updatedTime' in 'class com.latrell.test.domain.OperateLog' 
2022-10-27 11:05:39.390 [http-nio-8180-exec-1] INFO  c.l.common.config.spring.aspect.log.ApiLogAspect - 操作IP地址：10.11.44.220，
接口Uri: /api/operateLog/save，
请求参数：null，
响应内容：{"code":0,"data":"null","message":"新增系统操作记录","pageId":"common_tools","success":true}, 
接口请求耗时：78.238 s 
2022-10-27 11:05:39.392 [fixed-thread-2] WARN  c.l.common.config.mybatis.MybatisPlusObjectHandler - mybatis set updated_time error. org.apache.ibatis.reflection.ReflectionException: Could not set property 'updatedTime' of 'class com.latrell.test.domain.OperateLog' with value '2022-10-27T11:05:39.392' Cause: org.apache.ibatis.reflection.ReflectionException: There is no setter for property named 'updatedTime' in 'class com.latrell.test.domain.OperateLog' 
2022-10-27 11:05:39.404 [fixed-thread-2] WARN  com.latrell.common.config.rocketmq.ApiLogProducer - 生产者发送消息异常：{} 
org.apache.rocketmq.client.exception.MQClientException: No route info of this topic, apiLog
See http://rocketmq.apache.org/docs/faq/ for further details.
	at org.apache.rocketmq.client.impl.producer.DefaultMQProducerImpl.sendDefaultImpl(DefaultMQProducerImpl.java:662)
	at org.apache.rocketmq.client.impl.producer.DefaultMQProducerImpl.send(DefaultMQProducerImpl.java:1310)
	at org.apache.rocketmq.client.impl.producer.DefaultMQProducerImpl.send(DefaultMQProducerImpl.java:1256)
	at org.apache.rocketmq.client.producer.DefaultMQProducer.send(DefaultMQProducer.java:339)
	at com.latrell.common.config.rocketmq.ApiLogProducer.sendMsg(ApiLogProducer.java:76)
	at com.latrell.common.config.spring.aspect.log.ApiLogAspect.lambda$process$0(ApiLogAspect.java:84)
	at java.util.concurrent.Executors$RunnableAdapter.call(Executors.java:511)
	at java.util.concurrent.FutureTask.run$$$capture(FutureTask.java:266)
	at java.util.concurrent.FutureTask.run(FutureTask.java)
	at java.util.concurrent.ThreadPoolExecutor.runWorker(ThreadPoolExecutor.java:1149)
	at java.util.concurrent.ThreadPoolExecutor$Worker.run(ThreadPoolExecutor.java:624)
	at java.lang.Thread.run(Thread.java:748)
2022-10-27 11:07:00.974 [fixed-thread-0] WARN  c.l.common.config.mybatis.MybatisPlusObjectHandler - mybatis set updated_time error. org.apache.ibatis.reflection.ReflectionException: Could not set property 'updatedTime' of 'class com.latrell.test.domain.OperateLog' with value '2022-10-27T11:07:00.974' Cause: org.apache.ibatis.reflection.ReflectionException: There is no setter for property named 'updatedTime' in 'class com.latrell.test.domain.OperateLog' 
2022-10-27 11:07:00.977 [fixed-thread-0] WARN  c.l.common.config.mybatis.MybatisPlusObjectHandler - mybatis set updated_time error. org.apache.ibatis.reflection.ReflectionException: Could not set property 'updatedTime' of 'class com.latrell.test.domain.OperateLog' with value '2022-10-27T11:07:00.977' Cause: org.apache.ibatis.reflection.ReflectionException: There is no setter for property named 'updatedTime' in 'class com.latrell.test.domain.OperateLog' 
2022-10-27 11:07:00.979 [fixed-thread-0] WARN  c.l.common.config.mybatis.MybatisPlusObjectHandler - mybatis set updated_time error. org.apache.ibatis.reflection.ReflectionException: Could not set property 'updatedTime' of 'class com.latrell.test.domain.OperateLog' with value '2022-10-27T11:07:00.979' Cause: org.apache.ibatis.reflection.ReflectionException: There is no setter for property named 'updatedTime' in 'class com.latrell.test.domain.OperateLog' 
2022-10-27 11:07:00.980 [fixed-thread-0] WARN  c.l.common.config.mybatis.MybatisPlusObjectHandler - mybatis set updated_time error. org.apache.ibatis.reflection.ReflectionException: Could not set property 'updatedTime' of 'class com.latrell.test.domain.OperateLog' with value '2022-10-27T11:07:00.980' Cause: org.apache.ibatis.reflection.ReflectionException: There is no setter for property named 'updatedTime' in 'class com.latrell.test.domain.OperateLog' 
2022-10-27 11:07:00.981 [fixed-thread-0] WARN  c.l.common.config.mybatis.MybatisPlusObjectHandler - mybatis set updated_time error. org.apache.ibatis.reflection.ReflectionException: Could not set property 'updatedTime' of 'class com.latrell.test.domain.OperateLog' with value '2022-10-27T11:07:00.981' Cause: org.apache.ibatis.reflection.ReflectionException: There is no setter for property named 'updatedTime' in 'class com.latrell.test.domain.OperateLog' 
2022-10-27 11:07:00.985 [fixed-thread-0] ERROR c.l.common.config.transaction.TransactionalWorker - TransactionalWorker current thread execute CyclicBarrier.await! 
java.lang.InterruptedException: null
	at java.util.concurrent.CyclicBarrier.dowait(CyclicBarrier.java:211)
	at java.util.concurrent.CyclicBarrier.await(CyclicBarrier.java:362)
	at com.latrell.common.config.transaction.TransactionalWorker.run(TransactionalWorker.java:39)
	at com.latrell.common.config.transaction.TransactionalWorker$$FastClassBySpringCGLIB$$1567ff65.invoke(<generated>)
	at org.springframework.cglib.proxy.MethodProxy.invoke(MethodProxy.java:218)
	at org.springframework.aop.framework.CglibAopProxy$CglibMethodInvocation.invokeJoinpoint(CglibAopProxy.java:779)
	at org.springframework.aop.framework.ReflectiveMethodInvocation.proceed(ReflectiveMethodInvocation.java:163)
	at org.springframework.aop.framework.CglibAopProxy$CglibMethodInvocation.proceed(CglibAopProxy.java:750)
	at org.springframework.transaction.interceptor.TransactionInterceptor$1.proceedWithInvocation(TransactionInterceptor.java:123)
	at org.springframework.transaction.interceptor.TransactionAspectSupport.invokeWithinTransaction(TransactionAspectSupport.java:388)
	at org.springframework.transaction.interceptor.TransactionInterceptor.invoke(TransactionInterceptor.java:119)
	at org.springframework.aop.framework.ReflectiveMethodInvocation.proceed(ReflectiveMethodInvocation.java:186)
	at org.springframework.aop.framework.CglibAopProxy$CglibMethodInvocation.proceed(CglibAopProxy.java:750)
	at org.springframework.aop.framework.CglibAopProxy$DynamicAdvisedInterceptor.intercept(CglibAopProxy.java:692)
	at com.latrell.common.config.transaction.TransactionalWorker$$EnhancerBySpringCGLIB$$a9b1482b.run(<generated>)
	at com.latrell.common.config.transaction.AtomicConcurrentTransactionalExecutor.lambda$execute$0(AtomicConcurrentTransactionalExecutor.java:37)
	at java.util.concurrent.Executors$RunnableAdapter.call(Executors.java:511)
	at java.util.concurrent.FutureTask.run$$$capture(FutureTask.java:266)
	at java.util.concurrent.FutureTask.run(FutureTask.java)
	at java.util.concurrent.ThreadPoolExecutor.runWorker(ThreadPoolExecutor.java:1149)
	at java.util.concurrent.ThreadPoolExecutor$Worker.run(ThreadPoolExecutor.java:624)
	at java.lang.Thread.run(Thread.java:748)
2022-10-27 11:07:00.985 [fixed-thread-0] ERROR c.l.common.config.transaction.TransactionalWorker - TransactionalWorker other thread execute error, create CommonException to rollback! 
2022-10-27 11:07:00.987 [fixed-thread-0] ERROR c.l.c.c.t.AtomicConcurrentTransactionalExecutor - TransactionalWorker current thread execute error before runnable.run! 
com.latrell.common.config.exception.CommonException: TransactionalWorker other thread execute error, create CommonException to rollback!
	at com.latrell.common.config.transaction.TransactionalWorker.run(TransactionalWorker.java:51)
	at com.latrell.common.config.transaction.TransactionalWorker$$FastClassBySpringCGLIB$$1567ff65.invoke(<generated>)
	at org.springframework.cglib.proxy.MethodProxy.invoke(MethodProxy.java:218)
	at org.springframework.aop.framework.CglibAopProxy$CglibMethodInvocation.invokeJoinpoint(CglibAopProxy.java:779)
	at org.springframework.aop.framework.ReflectiveMethodInvocation.proceed(ReflectiveMethodInvocation.java:163)
	at org.springframework.aop.framework.CglibAopProxy$CglibMethodInvocation.proceed(CglibAopProxy.java:750)
	at org.springframework.transaction.interceptor.TransactionInterceptor$1.proceedWithInvocation(TransactionInterceptor.java:123)
	at org.springframework.transaction.interceptor.TransactionAspectSupport.invokeWithinTransaction(TransactionAspectSupport.java:388)
	at org.springframework.transaction.interceptor.TransactionInterceptor.invoke(TransactionInterceptor.java:119)
	at org.springframework.aop.framework.ReflectiveMethodInvocation.proceed(ReflectiveMethodInvocation.java:186)
	at org.springframework.aop.framework.CglibAopProxy$CglibMethodInvocation.proceed(CglibAopProxy.java:750)
	at org.springframework.aop.framework.CglibAopProxy$DynamicAdvisedInterceptor.intercept(CglibAopProxy.java:692)
	at com.latrell.common.config.transaction.TransactionalWorker$$EnhancerBySpringCGLIB$$a9b1482b.run(<generated>)
	at com.latrell.common.config.transaction.AtomicConcurrentTransactionalExecutor.lambda$execute$0(AtomicConcurrentTransactionalExecutor.java:37)
	at java.util.concurrent.Executors$RunnableAdapter.call(Executors.java:511)
	at java.util.concurrent.FutureTask.run$$$capture(FutureTask.java:266)
	at java.util.concurrent.FutureTask.run(FutureTask.java)
	at java.util.concurrent.ThreadPoolExecutor.runWorker(ThreadPoolExecutor.java:1149)
	at java.util.concurrent.ThreadPoolExecutor$Worker.run(ThreadPoolExecutor.java:624)
	at java.lang.Thread.run(Thread.java:748)
2022-10-27 11:07:01.003 [fixed-thread-1] WARN  c.l.common.config.mybatis.MybatisPlusObjectHandler - mybatis set updated_time error. org.apache.ibatis.reflection.ReflectionException: Could not set property 'updatedTime' of 'class com.latrell.test.domain.OperateLog' with value '2022-10-27T11:07:01.002' Cause: org.apache.ibatis.reflection.ReflectionException: There is no setter for property named 'updatedTime' in 'class com.latrell.test.domain.OperateLog' 
2022-10-27 11:07:01.160 [fixed-thread-1] WARN  c.l.common.config.mybatis.MybatisPlusObjectHandler - mybatis set updated_time error. org.apache.ibatis.reflection.ReflectionException: Could not set property 'updatedTime' of 'class com.latrell.test.domain.OperateLog' with value '2022-10-27T11:07:01.158' Cause: org.apache.ibatis.reflection.ReflectionException: There is no setter for property named 'updatedTime' in 'class com.latrell.test.domain.OperateLog' 
2022-10-27 11:07:01.222 [fixed-thread-1] WARN  c.l.common.config.mybatis.MybatisPlusObjectHandler - mybatis set updated_time error. org.apache.ibatis.reflection.ReflectionException: Could not set property 'updatedTime' of 'class com.latrell.test.domain.OperateLog' with value '2022-10-27T11:07:01.220' Cause: org.apache.ibatis.reflection.ReflectionException: There is no setter for property named 'updatedTime' in 'class com.latrell.test.domain.OperateLog' 
2022-10-27 11:07:01.264 [fixed-thread-1] WARN  c.l.common.config.mybatis.MybatisPlusObjectHandler - mybatis set updated_time error. org.apache.ibatis.reflection.ReflectionException: Could not set property 'updatedTime' of 'class com.latrell.test.domain.OperateLog' with value '2022-10-27T11:07:01.263' Cause: org.apache.ibatis.reflection.ReflectionException: There is no setter for property named 'updatedTime' in 'class com.latrell.test.domain.OperateLog' 
2022-10-27 11:07:06.502 [http-nio-8180-exec-4] INFO  c.l.common.config.spring.aspect.log.ApiLogAspect - 操作IP地址：10.11.44.220，
接口Uri: /api/operateLog/save，
请求参数：null，
响应内容：{"code":0,"data":"null","message":"新增系统操作记录","pageId":"common_tools","success":true}, 
接口请求耗时：21.733 s 
2022-10-27 11:07:14.375 [fixed-thread-3] WARN  c.l.common.config.mybatis.MybatisPlusObjectHandler - mybatis set updated_time error. org.apache.ibatis.reflection.ReflectionException: Could not set property 'updatedTime' of 'class com.latrell.test.domain.OperateLog' with value '2022-10-27T11:07:14.375' Cause: org.apache.ibatis.reflection.ReflectionException: There is no setter for property named 'updatedTime' in 'class com.latrell.test.domain.OperateLog' 
2022-10-27 11:07:14.384 [fixed-thread-3] WARN  com.latrell.common.config.rocketmq.ApiLogProducer - 生产者发送消息异常：{} 
org.apache.rocketmq.client.exception.MQClientException: No route info of this topic, apiLog
See http://rocketmq.apache.org/docs/faq/ for further details.
	at org.apache.rocketmq.client.impl.producer.DefaultMQProducerImpl.sendDefaultImpl(DefaultMQProducerImpl.java:662)
	at org.apache.rocketmq.client.impl.producer.DefaultMQProducerImpl.send(DefaultMQProducerImpl.java:1310)
	at org.apache.rocketmq.client.impl.producer.DefaultMQProducerImpl.send(DefaultMQProducerImpl.java:1256)
	at org.apache.rocketmq.client.producer.DefaultMQProducer.send(DefaultMQProducer.java:339)
	at com.latrell.common.config.rocketmq.ApiLogProducer.sendMsg(ApiLogProducer.java:76)
	at com.latrell.common.config.spring.aspect.log.ApiLogAspect.lambda$process$0(ApiLogAspect.java:84)
	at java.util.concurrent.Executors$RunnableAdapter.call(Executors.java:511)
	at java.util.concurrent.FutureTask.run$$$capture(FutureTask.java:266)
	at java.util.concurrent.FutureTask.run(FutureTask.java)
	at java.util.concurrent.ThreadPoolExecutor.runWorker(ThreadPoolExecutor.java:1149)
	at java.util.concurrent.ThreadPoolExecutor$Worker.run(ThreadPoolExecutor.java:624)
	at java.lang.Thread.run(Thread.java:748)
2022-10-27 11:07:14.380 [fixed-thread-1] ERROR c.l.common.config.transaction.TransactionalWorker - TransactionalWorker current thread execute CyclicBarrier.await! 
java.util.concurrent.BrokenBarrierException: null
	at java.util.concurrent.CyclicBarrier.dowait(CyclicBarrier.java:207)
	at java.util.concurrent.CyclicBarrier.await(CyclicBarrier.java:362)
	at com.latrell.common.config.transaction.TransactionalWorker.run(TransactionalWorker.java:39)
	at com.latrell.common.config.transaction.TransactionalWorker$$FastClassBySpringCGLIB$$1567ff65.invoke(<generated>)
	at org.springframework.cglib.proxy.MethodProxy.invoke(MethodProxy.java:218)
	at org.springframework.aop.framework.CglibAopProxy$CglibMethodInvocation.invokeJoinpoint(CglibAopProxy.java:779)
	at org.springframework.aop.framework.ReflectiveMethodInvocation.proceed(ReflectiveMethodInvocation.java:163)
	at org.springframework.aop.framework.CglibAopProxy$CglibMethodInvocation.proceed(CglibAopProxy.java:750)
	at org.springframework.transaction.interceptor.TransactionInterceptor$1.proceedWithInvocation(TransactionInterceptor.java:123)
	at org.springframework.transaction.interceptor.TransactionAspectSupport.invokeWithinTransaction(TransactionAspectSupport.java:388)
	at org.springframework.transaction.interceptor.TransactionInterceptor.invoke(TransactionInterceptor.java:119)
	at org.springframework.aop.framework.ReflectiveMethodInvocation.proceed(ReflectiveMethodInvocation.java:186)
	at org.springframework.aop.framework.CglibAopProxy$CglibMethodInvocation.proceed(CglibAopProxy.java:750)
	at org.springframework.aop.framework.CglibAopProxy$DynamicAdvisedInterceptor.intercept(CglibAopProxy.java:692)
	at com.latrell.common.config.transaction.TransactionalWorker$$EnhancerBySpringCGLIB$$a9b1482b.run(<generated>)
	at com.latrell.common.config.transaction.AtomicConcurrentTransactionalExecutor.lambda$execute$0(AtomicConcurrentTransactionalExecutor.java:37)
	at java.util.concurrent.Executors$RunnableAdapter.call(Executors.java:511)
	at java.util.concurrent.FutureTask.run$$$capture(FutureTask.java:266)
	at java.util.concurrent.FutureTask.run(FutureTask.java)
	at java.util.concurrent.ThreadPoolExecutor.runWorker(ThreadPoolExecutor.java:1149)
	at java.util.concurrent.ThreadPoolExecutor$Worker.run(ThreadPoolExecutor.java:624)
	at java.lang.Thread.run(Thread.java:748)
2022-10-27 11:07:22.248 [fixed-thread-1] ERROR c.l.common.config.transaction.TransactionalWorker - TransactionalWorker other thread execute error, create CommonException to rollback! 
2022-10-27 11:07:39.288 [fixed-thread-1] ERROR c.l.c.c.t.AtomicConcurrentTransactionalExecutor - TransactionalWorker current thread execute error before runnable.run! 
com.latrell.common.config.exception.CommonException: TransactionalWorker other thread execute error, create CommonException to rollback!
	at com.latrell.common.config.transaction.TransactionalWorker.run(TransactionalWorker.java:51)
	at com.latrell.common.config.transaction.TransactionalWorker$$FastClassBySpringCGLIB$$1567ff65.invoke(<generated>)
	at org.springframework.cglib.proxy.MethodProxy.invoke(MethodProxy.java:218)
	at org.springframework.aop.framework.CglibAopProxy$CglibMethodInvocation.invokeJoinpoint(CglibAopProxy.java:779)
	at org.springframework.aop.framework.ReflectiveMethodInvocation.proceed(ReflectiveMethodInvocation.java:163)
	at org.springframework.aop.framework.CglibAopProxy$CglibMethodInvocation.proceed(CglibAopProxy.java:750)
	at org.springframework.transaction.interceptor.TransactionInterceptor$1.proceedWithInvocation(TransactionInterceptor.java:123)
	at org.springframework.transaction.interceptor.TransactionAspectSupport.invokeWithinTransaction(TransactionAspectSupport.java:388)
	at org.springframework.transaction.interceptor.TransactionInterceptor.invoke(TransactionInterceptor.java:119)
	at org.springframework.aop.framework.ReflectiveMethodInvocation.proceed(ReflectiveMethodInvocation.java:186)
	at org.springframework.aop.framework.CglibAopProxy$CglibMethodInvocation.proceed(CglibAopProxy.java:750)
	at org.springframework.aop.framework.CglibAopProxy$DynamicAdvisedInterceptor.intercept(CglibAopProxy.java:692)
	at com.latrell.common.config.transaction.TransactionalWorker$$EnhancerBySpringCGLIB$$a9b1482b.run(<generated>)
	at com.latrell.common.config.transaction.AtomicConcurrentTransactionalExecutor.lambda$execute$0(AtomicConcurrentTransactionalExecutor.java:37)
	at java.util.concurrent.Executors$RunnableAdapter.call(Executors.java:511)
	at java.util.concurrent.FutureTask.run$$$capture(FutureTask.java:266)
	at java.util.concurrent.FutureTask.run(FutureTask.java)
	at java.util.concurrent.ThreadPoolExecutor.runWorker(ThreadPoolExecutor.java:1149)
	at java.util.concurrent.ThreadPoolExecutor$Worker.run(ThreadPoolExecutor.java:624)
	at java.lang.Thread.run(Thread.java:748)
2022-10-27 11:10:07.654 [fixed-thread-0] WARN  c.l.common.config.mybatis.MybatisPlusObjectHandler - mybatis set updated_time error. org.apache.ibatis.reflection.ReflectionException: Could not set property 'updatedTime' of 'class com.latrell.test.domain.OperateLog' with value '2022-10-27T11:10:07.653' Cause: org.apache.ibatis.reflection.ReflectionException: There is no setter for property named 'updatedTime' in 'class com.latrell.test.domain.OperateLog' 
2022-10-27 11:10:07.656 [fixed-thread-0] WARN  c.l.common.config.mybatis.MybatisPlusObjectHandler - mybatis set updated_time error. org.apache.ibatis.reflection.ReflectionException: Could not set property 'updatedTime' of 'class com.latrell.test.domain.OperateLog' with value '2022-10-27T11:10:07.656' Cause: org.apache.ibatis.reflection.ReflectionException: There is no setter for property named 'updatedTime' in 'class com.latrell.test.domain.OperateLog' 
2022-10-27 11:10:07.658 [fixed-thread-0] WARN  c.l.common.config.mybatis.MybatisPlusObjectHandler - mybatis set updated_time error. org.apache.ibatis.reflection.ReflectionException: Could not set property 'updatedTime' of 'class com.latrell.test.domain.OperateLog' with value '2022-10-27T11:10:07.658' Cause: org.apache.ibatis.reflection.ReflectionException: There is no setter for property named 'updatedTime' in 'class com.latrell.test.domain.OperateLog' 
2022-10-27 11:10:07.659 [fixed-thread-0] WARN  c.l.common.config.mybatis.MybatisPlusObjectHandler - mybatis set updated_time error. org.apache.ibatis.reflection.ReflectionException: Could not set property 'updatedTime' of 'class com.latrell.test.domain.OperateLog' with value '2022-10-27T11:10:07.659' Cause: org.apache.ibatis.reflection.ReflectionException: There is no setter for property named 'updatedTime' in 'class com.latrell.test.domain.OperateLog' 
2022-10-27 11:10:07.660 [fixed-thread-0] WARN  c.l.common.config.mybatis.MybatisPlusObjectHandler - mybatis set updated_time error. org.apache.ibatis.reflection.ReflectionException: Could not set property 'updatedTime' of 'class com.latrell.test.domain.OperateLog' with value '2022-10-27T11:10:07.660' Cause: org.apache.ibatis.reflection.ReflectionException: There is no setter for property named 'updatedTime' in 'class com.latrell.test.domain.OperateLog' 
2022-10-27 11:10:12.473 [fixed-thread-1] WARN  c.l.common.config.mybatis.MybatisPlusObjectHandler - mybatis set updated_time error. org.apache.ibatis.reflection.ReflectionException: Could not set property 'updatedTime' of 'class com.latrell.test.domain.OperateLog' with value '2022-10-27T11:10:12.473' Cause: org.apache.ibatis.reflection.ReflectionException: There is no setter for property named 'updatedTime' in 'class com.latrell.test.domain.OperateLog' 
2022-10-27 11:10:12.474 [fixed-thread-1] WARN  c.l.common.config.mybatis.MybatisPlusObjectHandler - mybatis set updated_time error. org.apache.ibatis.reflection.ReflectionException: Could not set property 'updatedTime' of 'class com.latrell.test.domain.OperateLog' with value '2022-10-27T11:10:12.474' Cause: org.apache.ibatis.reflection.ReflectionException: There is no setter for property named 'updatedTime' in 'class com.latrell.test.domain.OperateLog' 
2022-10-27 11:10:12.475 [fixed-thread-1] WARN  c.l.common.config.mybatis.MybatisPlusObjectHandler - mybatis set updated_time error. org.apache.ibatis.reflection.ReflectionException: Could not set property 'updatedTime' of 'class com.latrell.test.domain.OperateLog' with value '2022-10-27T11:10:12.475' Cause: org.apache.ibatis.reflection.ReflectionException: There is no setter for property named 'updatedTime' in 'class com.latrell.test.domain.OperateLog' 
2022-10-27 11:10:12.475 [fixed-thread-1] WARN  c.l.common.config.mybatis.MybatisPlusObjectHandler - mybatis set updated_time error. org.apache.ibatis.reflection.ReflectionException: Could not set property 'updatedTime' of 'class com.latrell.test.domain.OperateLog' with value '2022-10-27T11:10:12.475' Cause: org.apache.ibatis.reflection.ReflectionException: There is no setter for property named 'updatedTime' in 'class com.latrell.test.domain.OperateLog' 
2022-10-27 11:10:12.480 [http-nio-8180-exec-6] INFO  c.l.common.config.spring.aspect.log.ApiLogAspect - 操作IP地址：10.11.44.220，
接口Uri: /api/operateLog/save，
请求参数：null，
响应内容：{"code":0,"data":"null","message":"新增系统操作记录","pageId":"common_tools","success":true}, 
接口请求耗时：18.512 s 
2022-10-27 11:10:12.481 [fixed-thread-4] WARN  c.l.common.config.mybatis.MybatisPlusObjectHandler - mybatis set updated_time error. org.apache.ibatis.reflection.ReflectionException: Could not set property 'updatedTime' of 'class com.latrell.test.domain.OperateLog' with value '2022-10-27T11:10:12.481' Cause: org.apache.ibatis.reflection.ReflectionException: There is no setter for property named 'updatedTime' in 'class com.latrell.test.domain.OperateLog' 
2022-10-27 11:10:12.488 [fixed-thread-4] WARN  com.latrell.common.config.rocketmq.ApiLogProducer - 生产者发送消息异常：{} 
org.apache.rocketmq.client.exception.MQClientException: No route info of this topic, apiLog
See http://rocketmq.apache.org/docs/faq/ for further details.
	at org.apache.rocketmq.client.impl.producer.DefaultMQProducerImpl.sendDefaultImpl(DefaultMQProducerImpl.java:662)
	at org.apache.rocketmq.client.impl.producer.DefaultMQProducerImpl.send(DefaultMQProducerImpl.java:1310)
	at org.apache.rocketmq.client.impl.producer.DefaultMQProducerImpl.send(DefaultMQProducerImpl.java:1256)
	at org.apache.rocketmq.client.producer.DefaultMQProducer.send(DefaultMQProducer.java:339)
	at com.latrell.common.config.rocketmq.ApiLogProducer.sendMsg(ApiLogProducer.java:76)
	at com.latrell.common.config.spring.aspect.log.ApiLogAspect.lambda$process$0(ApiLogAspect.java:84)
	at java.util.concurrent.Executors$RunnableAdapter.call(Executors.java:511)
	at java.util.concurrent.FutureTask.run$$$capture(FutureTask.java:266)
	at java.util.concurrent.FutureTask.run(FutureTask.java)
	at java.util.concurrent.ThreadPoolExecutor.runWorker(ThreadPoolExecutor.java:1149)
	at java.util.concurrent.ThreadPoolExecutor$Worker.run(ThreadPoolExecutor.java:624)
	at java.lang.Thread.run(Thread.java:748)
