2022-10-19 15:52:43.465 [restartedMain] INFO  com.latrell.CommonToolsApplication - Starting CommonToolsApplication using Java 1.8.0_172 on LAPTOP-G8L8NV6F with PID 28556 (E:\latrell-code\target\classes started by liz in E:\latrell-code) 
2022-10-19 15:52:43.465 [background-preinit] INFO  org.hibernate.validator.internal.util.Version - HV000001: Hibernate Validator 6.1.7.Final 
2022-10-19 15:52:43.470 [restartedMain] DEBUG com.latrell.CommonToolsApplication - Running with Spring Boot v2.4.4, Spring v5.3.5 
2022-10-19 15:52:43.471 [restartedMain] INFO  com.latrell.CommonToolsApplication - No active profile set, falling back to default profiles: default 
2022-10-19 15:52:43.600 [restartedMain] INFO  o.s.b.d.env.DevToolsPropertyDefaultsPostProcessor - Devtools property defaults active! Set 'spring.devtools.add-properties' to 'false' to disable 
2022-10-19 15:52:43.600 [restartedMain] INFO  o.s.b.d.env.DevToolsPropertyDefaultsPostProcessor - For additional web related logging consider setting the 'logging.level.web' property to 'DEBUG' 
2022-10-19 15:52:44.285 [background-preinit] WARN  o.s.h.converter.json.Jackson2ObjectMapperBuilder - For Jackson Kotlin classes support please add "com.fasterxml.jackson.module:jackson-module-kotlin" to the classpath 
2022-10-19 15:52:45.400 [restartedMain] INFO  o.s.d.r.config.RepositoryConfigurationDelegate - Multiple Spring Data modules found, entering strict repository configuration mode! 
2022-10-19 15:52:45.403 [restartedMain] INFO  o.s.d.r.config.RepositoryConfigurationDelegate - Bootstrapping Spring Data Redis repositories in DEFAULT mode. 
2022-10-19 15:52:45.423 [restartedMain] INFO  o.s.d.r.config.RepositoryConfigurationDelegate - Finished Spring Data repository scanning in 15 ms. Found 0 Redis repository interfaces. 
2022-10-19 15:52:46.453 [restartedMain] INFO  o.s.boot.web.embedded.tomcat.TomcatWebServer - Tomcat initialized with port(s): 8180 (http) 
2022-10-19 15:52:46.458 [restartedMain] INFO  org.apache.coyote.http11.Http11NioProtocol - Initializing ProtocolHandler ["http-nio-8180"] 
2022-10-19 15:52:46.458 [restartedMain] INFO  org.apache.catalina.core.StandardService - Starting service [Tomcat] 
2022-10-19 15:52:46.458 [restartedMain] INFO  org.apache.catalina.core.StandardEngine - Starting Servlet engine: [Apache Tomcat/9.0.44] 
2022-10-19 15:52:46.598 [restartedMain] INFO  o.a.c.core.ContainerBase.[Tomcat].[localhost].[/] - Initializing Spring embedded WebApplicationContext 
2022-10-19 15:52:46.598 [restartedMain] INFO  o.s.b.w.s.c.ServletWebServerApplicationContext - Root WebApplicationContext: initialization completed in 2982 ms 
2022-10-19 15:52:46.823 [restartedMain] DEBUG c.l.common.config.spring.aspect.log.ApiLogFilter - Filter 'apiLogFilter' configured for use 
2022-10-19 15:52:53.384 [restartedMain] INFO  com.latrell.common.config.rocketmq.ApiLogConsumer - API 日志消费者 启动成功... 
2022-10-19 15:52:53.625 [restartedMain] INFO  com.latrell.common.config.rocketmq.ApiLogProducer - API 日志生产者 启动成功... 
2022-10-19 15:52:55.254 [restartedMain] INFO  s.d.s.w.PropertySourcedRequestMappingHandlerMapping - Mapped URL path [/v2/api-docs] onto method [springfox.documentation.swagger2.web.Swagger2Controller#getDocumentation(String, HttpServletRequest)] 
2022-10-19 15:52:55.462 [restartedMain] INFO  o.s.scheduling.concurrent.ThreadPoolTaskExecutor - Initializing ExecutorService 'applicationTaskExecutor' 
2022-10-19 15:52:55.546 [restartedMain] INFO  o.s.b.d.autoconfigure.OptionalLiveReloadServer - LiveReload server is running on port 35729 
2022-10-19 15:52:56.185 [restartedMain] INFO  org.flywaydb.core.internal.license.VersionPrinter - Flyway Community Edition 7.1.1 by Redgate 
2022-10-19 15:52:56.210 [restartedMain] INFO  com.zaxxer.hikari.HikariDataSource - HikariPool-1 - Starting... 
2022-10-19 15:52:56.607 [restartedMain] INFO  com.zaxxer.hikari.HikariDataSource - HikariPool-1 - Start completed. 
2022-10-19 15:52:56.732 [restartedMain] INFO  o.f.core.internal.database.base.DatabaseType - Database: jdbc:mysql://localhost:3306/common-tools (MySQL 5.7) 
2022-10-19 15:52:57.082 [restartedMain] INFO  org.flywaydb.core.internal.command.DbValidate - Successfully validated 3 migrations (execution time 00:00.219s) 
2022-10-19 15:52:57.134 [restartedMain] INFO  org.flywaydb.core.internal.command.DbMigrate - Current version of schema `common-tools`: 20221012140508 
2022-10-19 15:52:57.135 [restartedMain] INFO  org.flywaydb.core.internal.command.DbMigrate - Schema `common-tools` is up to date. No migration necessary. 
2022-10-19 15:52:57.673 [restartedMain] INFO  org.apache.coyote.http11.Http11NioProtocol - Starting ProtocolHandler ["http-nio-8180"] 
2022-10-19 15:52:57.720 [restartedMain] INFO  o.s.boot.web.embedded.tomcat.TomcatWebServer - Tomcat started on port(s): 8180 (http) with context path '' 
2022-10-19 15:52:57.720 [restartedMain] INFO  s.d.s.web.plugins.DocumentationPluginsBootstrapper - Context refreshed 
2022-10-19 15:52:57.782 [restartedMain] INFO  s.d.s.web.plugins.DocumentationPluginsBootstrapper - Found 1 custom documentation plugin(s) 
2022-10-19 15:52:57.888 [restartedMain] INFO  s.d.spring.web.scanners.ApiListingReferenceScanner - Scanning for api listing references 
2022-10-19 15:52:58.758 [restartedMain] INFO  com.latrell.CommonToolsApplication - Started CommonToolsApplication in 16.942 seconds (JVM running for 20.004) 
2022-10-19 15:52:58.758 [restartedMain] INFO  c.l.common.config.spring.event.CustomEventCaster - 应用启动成功后，发送通知事件 
2022-10-19 15:52:58.773 [restartedMain] INFO  com.latrell.CommonToolsApplication - application started! 
2022-10-19 15:54:40.117 [background-preinit] INFO  org.hibernate.validator.internal.util.Version - HV000001: Hibernate Validator 6.1.7.Final 
2022-10-19 15:54:40.117 [restartedMain] INFO  com.latrell.CommonToolsApplication - Starting CommonToolsApplication using Java 1.8.0_172 on LAPTOP-G8L8NV6F with PID 11340 (E:\latrell-code\target\classes started by liz in E:\latrell-code) 
2022-10-19 15:54:40.117 [restartedMain] DEBUG com.latrell.CommonToolsApplication - Running with Spring Boot v2.4.4, Spring v5.3.5 
2022-10-19 15:54:40.117 [restartedMain] INFO  com.latrell.CommonToolsApplication - No active profile set, falling back to default profiles: default 
2022-10-19 15:54:40.221 [restartedMain] INFO  o.s.b.d.env.DevToolsPropertyDefaultsPostProcessor - Devtools property defaults active! Set 'spring.devtools.add-properties' to 'false' to disable 
2022-10-19 15:54:40.221 [restartedMain] INFO  o.s.b.d.env.DevToolsPropertyDefaultsPostProcessor - For additional web related logging consider setting the 'logging.level.web' property to 'DEBUG' 
2022-10-19 15:54:40.968 [background-preinit] WARN  o.s.h.converter.json.Jackson2ObjectMapperBuilder - For Jackson Kotlin classes support please add "com.fasterxml.jackson.module:jackson-module-kotlin" to the classpath 
2022-10-19 15:54:41.699 [restartedMain] INFO  o.s.d.r.config.RepositoryConfigurationDelegate - Multiple Spring Data modules found, entering strict repository configuration mode! 
2022-10-19 15:54:41.699 [restartedMain] INFO  o.s.d.r.config.RepositoryConfigurationDelegate - Bootstrapping Spring Data Redis repositories in DEFAULT mode. 
2022-10-19 15:54:41.731 [restartedMain] INFO  o.s.d.r.config.RepositoryConfigurationDelegate - Finished Spring Data repository scanning in 15 ms. Found 0 Redis repository interfaces. 
2022-10-19 15:54:42.567 [restartedMain] INFO  o.s.boot.web.embedded.tomcat.TomcatWebServer - Tomcat initialized with port(s): 8180 (http) 
2022-10-19 15:54:42.567 [restartedMain] INFO  org.apache.coyote.http11.Http11NioProtocol - Initializing ProtocolHandler ["http-nio-8180"] 
2022-10-19 15:54:42.567 [restartedMain] INFO  org.apache.catalina.core.StandardService - Starting service [Tomcat] 
2022-10-19 15:54:42.567 [restartedMain] INFO  org.apache.catalina.core.StandardEngine - Starting Servlet engine: [Apache Tomcat/9.0.44] 
2022-10-19 15:54:42.718 [restartedMain] INFO  o.a.c.core.ContainerBase.[Tomcat].[localhost].[/] - Initializing Spring embedded WebApplicationContext 
2022-10-19 15:54:42.718 [restartedMain] INFO  o.s.b.w.s.c.ServletWebServerApplicationContext - Root WebApplicationContext: initialization completed in 2497 ms 
2022-10-19 15:54:42.901 [restartedMain] DEBUG c.l.common.config.spring.aspect.log.ApiLogFilter - Filter 'apiLogFilter' configured for use 
2022-10-19 15:54:49.171 [restartedMain] INFO  com.latrell.common.config.rocketmq.ApiLogConsumer - API 日志消费者 启动成功... 
2022-10-19 15:54:49.383 [restartedMain] INFO  com.latrell.common.config.rocketmq.ApiLogProducer - API 日志生产者 启动成功... 
2022-10-19 15:54:50.314 [restartedMain] INFO  s.d.s.w.PropertySourcedRequestMappingHandlerMapping - Mapped URL path [/v2/api-docs] onto method [springfox.documentation.swagger2.web.Swagger2Controller#getDocumentation(String, HttpServletRequest)] 
2022-10-19 15:54:50.387 [restartedMain] INFO  o.s.scheduling.concurrent.ThreadPoolTaskExecutor - Initializing ExecutorService 'applicationTaskExecutor' 
2022-10-19 15:54:50.418 [restartedMain] INFO  o.s.b.d.autoconfigure.OptionalLiveReloadServer - LiveReload server is running on port 35729 
2022-10-19 15:54:50.678 [restartedMain] INFO  org.flywaydb.core.internal.license.VersionPrinter - Flyway Community Edition 7.1.1 by Redgate 
2022-10-19 15:54:50.683 [restartedMain] INFO  com.zaxxer.hikari.HikariDataSource - HikariPool-1 - Starting... 
2022-10-19 15:54:50.783 [restartedMain] INFO  com.zaxxer.hikari.HikariDataSource - HikariPool-1 - Start completed. 
2022-10-19 15:54:50.815 [restartedMain] INFO  o.f.core.internal.database.base.DatabaseType - Database: jdbc:mysql://localhost:3306/common-tools (MySQL 5.7) 
2022-10-19 15:54:50.863 [restartedMain] INFO  org.flywaydb.core.internal.command.DbValidate - Successfully validated 3 migrations (execution time 00:00.028s) 
2022-10-19 15:54:50.876 [restartedMain] INFO  org.flywaydb.core.internal.command.DbMigrate - Current version of schema `common-tools`: 20221012140508 
2022-10-19 15:54:50.878 [restartedMain] INFO  org.flywaydb.core.internal.command.DbMigrate - Schema `common-tools` is up to date. No migration necessary. 
2022-10-19 15:54:50.951 [restartedMain] INFO  org.apache.coyote.http11.Http11NioProtocol - Starting ProtocolHandler ["http-nio-8180"] 
2022-10-19 15:54:50.951 [restartedMain] INFO  o.s.boot.web.embedded.tomcat.TomcatWebServer - Tomcat started on port(s): 8180 (http) with context path '' 
2022-10-19 15:54:50.951 [restartedMain] INFO  s.d.s.web.plugins.DocumentationPluginsBootstrapper - Context refreshed 
2022-10-19 15:54:50.967 [restartedMain] INFO  s.d.s.web.plugins.DocumentationPluginsBootstrapper - Found 1 custom documentation plugin(s) 
2022-10-19 15:54:50.998 [restartedMain] INFO  s.d.spring.web.scanners.ApiListingReferenceScanner - Scanning for api listing references 
2022-10-19 15:54:51.373 [restartedMain] INFO  com.latrell.CommonToolsApplication - Started CommonToolsApplication in 12.409 seconds (JVM running for 15.008) 
2022-10-19 15:54:51.374 [restartedMain] INFO  c.l.common.config.spring.event.CustomEventCaster - 应用启动成功后，发送通知事件 
2022-10-19 15:54:51.377 [restartedMain] INFO  com.latrell.CommonToolsApplication - application started!, 启动耗时：12 s 
2022-10-19 15:55:49.447 [background-preinit] INFO  org.hibernate.validator.internal.util.Version - HV000001: Hibernate Validator 6.1.7.Final 
2022-10-19 15:55:49.447 [restartedMain] INFO  com.latrell.CommonToolsApplication - Starting CommonToolsApplication using Java 1.8.0_172 on LAPTOP-G8L8NV6F with PID 30308 (E:\latrell-code\target\classes started by liz in E:\latrell-code) 
2022-10-19 15:55:49.447 [restartedMain] DEBUG com.latrell.CommonToolsApplication - Running with Spring Boot v2.4.4, Spring v5.3.5 
2022-10-19 15:55:49.447 [restartedMain] INFO  com.latrell.CommonToolsApplication - No active profile set, falling back to default profiles: default 
2022-10-19 15:55:49.520 [restartedMain] INFO  o.s.b.d.env.DevToolsPropertyDefaultsPostProcessor - Devtools property defaults active! Set 'spring.devtools.add-properties' to 'false' to disable 
2022-10-19 15:55:49.520 [restartedMain] INFO  o.s.b.d.env.DevToolsPropertyDefaultsPostProcessor - For additional web related logging consider setting the 'logging.level.web' property to 'DEBUG' 
2022-10-19 15:55:50.147 [background-preinit] WARN  o.s.h.converter.json.Jackson2ObjectMapperBuilder - For Jackson Kotlin classes support please add "com.fasterxml.jackson.module:jackson-module-kotlin" to the classpath 
2022-10-19 15:55:50.904 [restartedMain] INFO  o.s.d.r.config.RepositoryConfigurationDelegate - Multiple Spring Data modules found, entering strict repository configuration mode! 
2022-10-19 15:55:50.920 [restartedMain] INFO  o.s.d.r.config.RepositoryConfigurationDelegate - Bootstrapping Spring Data Redis repositories in DEFAULT mode. 
2022-10-19 15:55:50.951 [restartedMain] INFO  o.s.d.r.config.RepositoryConfigurationDelegate - Finished Spring Data repository scanning in 27 ms. Found 0 Redis repository interfaces. 
2022-10-19 15:55:51.866 [restartedMain] INFO  o.s.boot.web.embedded.tomcat.TomcatWebServer - Tomcat initialized with port(s): 8180 (http) 
2022-10-19 15:55:51.866 [restartedMain] INFO  org.apache.coyote.http11.Http11NioProtocol - Initializing ProtocolHandler ["http-nio-8180"] 
2022-10-19 15:55:51.866 [restartedMain] INFO  org.apache.catalina.core.StandardService - Starting service [Tomcat] 
2022-10-19 15:55:51.866 [restartedMain] INFO  org.apache.catalina.core.StandardEngine - Starting Servlet engine: [Apache Tomcat/9.0.44] 
2022-10-19 15:55:51.986 [restartedMain] INFO  o.a.c.core.ContainerBase.[Tomcat].[localhost].[/] - Initializing Spring embedded WebApplicationContext 
2022-10-19 15:55:51.986 [restartedMain] INFO  o.s.b.w.s.c.ServletWebServerApplicationContext - Root WebApplicationContext: initialization completed in 2466 ms 
2022-10-19 15:55:52.169 [restartedMain] DEBUG c.l.common.config.spring.aspect.log.ApiLogFilter - Filter 'apiLogFilter' configured for use 
2022-10-19 15:55:58.151 [restartedMain] INFO  com.latrell.common.config.rocketmq.ApiLogConsumer - API 日志消费者 启动成功... 
2022-10-19 15:55:58.348 [restartedMain] INFO  com.latrell.common.config.rocketmq.ApiLogProducer - API 日志生产者 启动成功... 
2022-10-19 15:55:59.304 [restartedMain] INFO  s.d.s.w.PropertySourcedRequestMappingHandlerMapping - Mapped URL path [/v2/api-docs] onto method [springfox.documentation.swagger2.web.Swagger2Controller#getDocumentation(String, HttpServletRequest)] 
2022-10-19 15:55:59.382 [restartedMain] INFO  o.s.scheduling.concurrent.ThreadPoolTaskExecutor - Initializing ExecutorService 'applicationTaskExecutor' 
2022-10-19 15:55:59.419 [restartedMain] INFO  o.s.b.d.autoconfigure.OptionalLiveReloadServer - LiveReload server is running on port 35729 
2022-10-19 15:55:59.685 [restartedMain] INFO  org.flywaydb.core.internal.license.VersionPrinter - Flyway Community Edition 7.1.1 by Redgate 
2022-10-19 15:55:59.685 [restartedMain] INFO  com.zaxxer.hikari.HikariDataSource - HikariPool-1 - Starting... 
2022-10-19 15:55:59.779 [restartedMain] INFO  com.zaxxer.hikari.HikariDataSource - HikariPool-1 - Start completed. 
2022-10-19 15:55:59.817 [restartedMain] INFO  o.f.core.internal.database.base.DatabaseType - Database: jdbc:mysql://localhost:3306/common-tools (MySQL 5.7) 
2022-10-19 15:55:59.853 [restartedMain] INFO  org.flywaydb.core.internal.command.DbValidate - Successfully validated 3 migrations (execution time 00:00.023s) 
2022-10-19 15:55:59.869 [restartedMain] INFO  org.flywaydb.core.internal.command.DbMigrate - Current version of schema `common-tools`: 20221012140508 
2022-10-19 15:55:59.869 [restartedMain] INFO  org.flywaydb.core.internal.command.DbMigrate - Schema `common-tools` is up to date. No migration necessary. 
2022-10-19 15:55:59.931 [restartedMain] INFO  org.apache.coyote.http11.Http11NioProtocol - Starting ProtocolHandler ["http-nio-8180"] 
2022-10-19 15:55:59.931 [restartedMain] INFO  o.s.boot.web.embedded.tomcat.TomcatWebServer - Tomcat started on port(s): 8180 (http) with context path '' 
2022-10-19 15:55:59.931 [restartedMain] INFO  s.d.s.web.plugins.DocumentationPluginsBootstrapper - Context refreshed 
2022-10-19 15:55:59.947 [restartedMain] INFO  s.d.s.web.plugins.DocumentationPluginsBootstrapper - Found 1 custom documentation plugin(s) 
2022-10-19 15:55:59.987 [restartedMain] INFO  s.d.spring.web.scanners.ApiListingReferenceScanner - Scanning for api listing references 
2022-10-19 15:56:00.351 [restartedMain] INFO  com.latrell.CommonToolsApplication - Started CommonToolsApplication in 11.614 seconds (JVM running for 13.388) 
2022-10-19 15:56:00.352 [restartedMain] INFO  c.l.common.config.spring.event.CustomEventCaster - 应用启动成功后，发送通知事件 
2022-10-19 15:56:00.354 [restartedMain] INFO  com.latrell.CommonToolsApplication - application started!, 启动耗时：11.638 s 
2022-10-19 15:57:36.730 [http-nio-8180-exec-1] INFO  o.a.c.core.ContainerBase.[Tomcat].[localhost].[/] - Initializing Spring DispatcherServlet 'dispatcherServlet' 
2022-10-19 15:57:36.730 [http-nio-8180-exec-1] INFO  org.springframework.web.servlet.DispatcherServlet - Initializing Servlet 'dispatcherServlet' 
2022-10-19 15:57:36.731 [http-nio-8180-exec-1] INFO  org.springframework.web.servlet.DispatcherServlet - Completed initialization in 1 ms 
2022-10-19 16:01:14.241 [restartedMain] INFO  com.latrell.CommonToolsApplication - Starting CommonToolsApplication using Java 1.8.0_172 on LAPTOP-G8L8NV6F with PID 16028 (E:\latrell-code\target\classes started by liz in E:\latrell-code) 
2022-10-19 16:01:14.257 [restartedMain] DEBUG com.latrell.CommonToolsApplication - Running with Spring Boot v2.4.4, Spring v5.3.5 
2022-10-19 16:01:14.257 [background-preinit] INFO  org.hibernate.validator.internal.util.Version - HV000001: Hibernate Validator 6.1.7.Final 
2022-10-19 16:01:14.257 [restartedMain] INFO  com.latrell.CommonToolsApplication - No active profile set, falling back to default profiles: default 
2022-10-19 16:01:14.346 [restartedMain] INFO  o.s.b.d.env.DevToolsPropertyDefaultsPostProcessor - Devtools property defaults active! Set 'spring.devtools.add-properties' to 'false' to disable 
2022-10-19 16:01:14.346 [restartedMain] INFO  o.s.b.d.env.DevToolsPropertyDefaultsPostProcessor - For additional web related logging consider setting the 'logging.level.web' property to 'DEBUG' 
2022-10-19 16:01:14.910 [background-preinit] WARN  o.s.h.converter.json.Jackson2ObjectMapperBuilder - For Jackson Kotlin classes support please add "com.fasterxml.jackson.module:jackson-module-kotlin" to the classpath 
2022-10-19 16:01:15.657 [restartedMain] INFO  o.s.d.r.config.RepositoryConfigurationDelegate - Multiple Spring Data modules found, entering strict repository configuration mode! 
2022-10-19 16:01:15.672 [restartedMain] INFO  o.s.d.r.config.RepositoryConfigurationDelegate - Bootstrapping Spring Data Redis repositories in DEFAULT mode. 
2022-10-19 16:01:15.706 [restartedMain] INFO  o.s.d.r.config.RepositoryConfigurationDelegate - Finished Spring Data repository scanning in 17 ms. Found 0 Redis repository interfaces. 
2022-10-19 16:01:16.509 [restartedMain] INFO  o.s.boot.web.embedded.tomcat.TomcatWebServer - Tomcat initialized with port(s): 8180 (http) 
2022-10-19 16:01:16.509 [restartedMain] INFO  org.apache.coyote.http11.Http11NioProtocol - Initializing ProtocolHandler ["http-nio-8180"] 
2022-10-19 16:01:16.509 [restartedMain] INFO  org.apache.catalina.core.StandardService - Starting service [Tomcat] 
2022-10-19 16:01:16.509 [restartedMain] INFO  org.apache.catalina.core.StandardEngine - Starting Servlet engine: [Apache Tomcat/9.0.44] 
2022-10-19 16:01:16.629 [restartedMain] INFO  o.a.c.core.ContainerBase.[Tomcat].[localhost].[/] - Initializing Spring embedded WebApplicationContext 
2022-10-19 16:01:16.629 [restartedMain] INFO  o.s.b.w.s.c.ServletWebServerApplicationContext - Root WebApplicationContext: initialization completed in 2283 ms 
2022-10-19 16:01:16.812 [restartedMain] DEBUG c.l.common.config.spring.aspect.log.ApiLogFilter - Filter 'apiLogFilter' configured for use 
2022-10-19 16:01:22.861 [restartedMain] INFO  com.latrell.common.config.rocketmq.ApiLogConsumer - API 日志消费者 启动成功... 
2022-10-19 16:01:23.063 [restartedMain] INFO  com.latrell.common.config.rocketmq.ApiLogProducer - API 日志生产者 启动成功... 
2022-10-19 16:01:23.963 [restartedMain] INFO  s.d.s.w.PropertySourcedRequestMappingHandlerMapping - Mapped URL path [/v2/api-docs] onto method [springfox.documentation.swagger2.web.Swagger2Controller#getDocumentation(String, HttpServletRequest)] 
2022-10-19 16:01:24.041 [restartedMain] INFO  o.s.scheduling.concurrent.ThreadPoolTaskExecutor - Initializing ExecutorService 'applicationTaskExecutor' 
2022-10-19 16:01:24.085 [restartedMain] INFO  o.s.b.d.autoconfigure.OptionalLiveReloadServer - LiveReload server is running on port 35729 
2022-10-19 16:01:24.313 [restartedMain] INFO  org.flywaydb.core.internal.license.VersionPrinter - Flyway Community Edition 7.1.1 by Redgate 
2022-10-19 16:01:24.313 [restartedMain] INFO  com.zaxxer.hikari.HikariDataSource - HikariPool-1 - Starting... 
2022-10-19 16:01:24.406 [restartedMain] INFO  com.zaxxer.hikari.HikariDataSource - HikariPool-1 - Start completed. 
2022-10-19 16:01:24.440 [restartedMain] INFO  o.f.core.internal.database.base.DatabaseType - Database: jdbc:mysql://localhost:3306/common-tools (MySQL 5.7) 
2022-10-19 16:01:24.480 [restartedMain] INFO  org.flywaydb.core.internal.command.DbValidate - Successfully validated 3 migrations (execution time 00:00.025s) 
2022-10-19 16:01:24.496 [restartedMain] INFO  org.flywaydb.core.internal.command.DbMigrate - Current version of schema `common-tools`: 20221012140508 
2022-10-19 16:01:24.496 [restartedMain] INFO  org.flywaydb.core.internal.command.DbMigrate - Schema `common-tools` is up to date. No migration necessary. 
2022-10-19 16:01:24.574 [restartedMain] INFO  org.apache.coyote.http11.Http11NioProtocol - Starting ProtocolHandler ["http-nio-8180"] 
2022-10-19 16:01:24.590 [restartedMain] INFO  o.s.boot.web.embedded.tomcat.TomcatWebServer - Tomcat started on port(s): 8180 (http) with context path '' 
2022-10-19 16:01:24.590 [restartedMain] INFO  s.d.s.web.plugins.DocumentationPluginsBootstrapper - Context refreshed 
2022-10-19 16:01:24.609 [restartedMain] INFO  s.d.s.web.plugins.DocumentationPluginsBootstrapper - Found 1 custom documentation plugin(s) 
2022-10-19 16:01:24.631 [restartedMain] INFO  s.d.spring.web.scanners.ApiListingReferenceScanner - Scanning for api listing references 
2022-10-19 16:01:24.981 [restartedMain] INFO  com.latrell.CommonToolsApplication - Started CommonToolsApplication in 11.508 seconds (JVM running for 13.37) 
2022-10-19 16:01:24.997 [restartedMain] INFO  c.l.common.config.spring.event.CustomEventCaster - 应用启动成功后，发送通知事件 
2022-10-19 16:01:24.997 [restartedMain] INFO  com.latrell.CommonToolsApplication - application started! 
2022-10-19 16:01:34.219 [http-nio-8180-exec-1] INFO  o.a.c.core.ContainerBase.[Tomcat].[localhost].[/] - Initializing Spring DispatcherServlet 'dispatcherServlet' 
2022-10-19 16:01:34.219 [http-nio-8180-exec-1] INFO  org.springframework.web.servlet.DispatcherServlet - Initializing Servlet 'dispatcherServlet' 
2022-10-19 16:01:34.220 [http-nio-8180-exec-1] INFO  org.springframework.web.servlet.DispatcherServlet - Completed initialization in 1 ms 
2022-10-19 16:01:41.245 [http-nio-8180-exec-10] INFO  c.l.common.config.spring.aspect.log.ApiLogAspect - 操作IP地址：10.11.44.220，接口Uri: /api/user/getList，请求参数：null，响应内容：{"code":0,"data":[{"createdTime":"2022-10-11T22:34:01","gender":1,"password":"E10ADC3949BA59ABBE56E057F20F883E","phoneNumber":"15732156810","realName":"系统管理员","removed":0,"updatedTime":"2022-10-11T22:33:58","userId":1,"userName":"admin"},{"createdTime":"2022-10-11T22:36:28","gender":1,"password":"E10ADC3949BA59ABBE56E057F20F883E","phoneNumber":"18110436810","realName":"拉特德尔","removed":0,"updatedTime":"2022-10-11T22:36:36","userId":2,"userName":"latrell"},{"createdTime":"2022-10-12T10:19:09","gender":1,"password":"E10ADC3949BA59ABBE56E057F20F883E","phoneNumber":"13622189787","realName":"李四","removed":0,"updatedTime":"2022-10-12T10:19:12","userId":3,"userName":"Antony"},{"createdTime":"2022-10-12T10:31:25","gender":0,"password":"E10ADC3949BA59ABBE56E057F20F883E","phoneNumber":"15856211992","realName":"丽萨","removed":0,"userId":4,"userName":"Lisa"},{"createdTime":"2022-10-12T15:24:31","gender":0,"password":"E10ADC3949BA59ABBE56E057F20F883E","phoneNumber":"18325784388","realName":"玛丽","removed":0,"updatedTime":"2022-10-12T15:24:31","userId":5,"userName":"Mary"},{"createdTime":"2022-10-12T17:36:55","gender":0,"password":"E10ADC3949BA59ABBE56E057F20F883E","phoneNumber":"15678451245","realName":"马飞","removed":0,"updatedTime":"2022-10-12T17:36:55","userId":11,"userName":"Mafe"},{"createdTime":"2022-10-13T09:49:43","gender":0,"password":"E10ADC3949BA59ABBE56E057F20F883E","phoneNumber":"19658741258","realName":"南孙","removed":0,"updatedTime":"2022-10-13T09:49:43","userId":12,"userName":"Nancy"},{"createdTime":"2022-10-13T09:59:22","gender":0,"password":"E10ADC3949BA59ABBE56E057F20F883E","phoneNumber":"15478412589","realName":"森碟","removed":0,"updatedTime":"2022-10-13T09:59:22","userId":13,"userName":"Cindy"}],"message":"成功","pageId":"common_tools","success":true}, 接口请求耗时：0.326 s 
2022-10-19 16:01:41.251 [fixed-thread-0] WARN  c.l.common.config.mybatis.MybatisPlusObjectHandler - mybatis set updated_time error. org.apache.ibatis.reflection.ReflectionException: Could not set property 'updatedTime' of 'class com.latrell.test.domain.OperateLog' with value '2022-10-19T16:01:41.250' Cause: org.apache.ibatis.reflection.ReflectionException: There is no setter for property named 'updatedTime' in 'class com.latrell.test.domain.OperateLog' 
2022-10-19 16:01:45.345 [fixed-thread-0] WARN  com.latrell.common.config.rocketmq.ApiLogProducer - 生产者发送消息异常：{} 
org.apache.rocketmq.client.exception.MQClientException: No route info of this topic, apiLog
See http://rocketmq.apache.org/docs/faq/ for further details.
	at org.apache.rocketmq.client.impl.producer.DefaultMQProducerImpl.sendDefaultImpl(DefaultMQProducerImpl.java:662)
	at org.apache.rocketmq.client.impl.producer.DefaultMQProducerImpl.send(DefaultMQProducerImpl.java:1310)
	at org.apache.rocketmq.client.impl.producer.DefaultMQProducerImpl.send(DefaultMQProducerImpl.java:1256)
	at org.apache.rocketmq.client.producer.DefaultMQProducer.send(DefaultMQProducer.java:339)
	at com.latrell.common.config.rocketmq.ApiLogProducer.sendMsg(ApiLogProducer.java:61)
	at com.latrell.common.config.spring.aspect.log.ApiLogAspect.lambda$process$0(ApiLogAspect.java:83)
	at java.util.concurrent.Executors$RunnableAdapter.call(Executors.java:511)
	at java.util.concurrent.FutureTask.run(FutureTask.java:266)
	at java.util.concurrent.ThreadPoolExecutor.runWorker(ThreadPoolExecutor.java:1149)
	at java.util.concurrent.ThreadPoolExecutor$Worker.run(ThreadPoolExecutor.java:624)
	at java.lang.Thread.run(Thread.java:748)
2022-10-19 16:03:27.663 [restartedMain] INFO  com.latrell.CommonToolsApplication - Starting CommonToolsApplication using Java 1.8.0_172 on LAPTOP-G8L8NV6F with PID 14532 (E:\latrell-code\target\classes started by liz in E:\latrell-code) 
2022-10-19 16:03:27.663 [background-preinit] INFO  org.hibernate.validator.internal.util.Version - HV000001: Hibernate Validator 6.1.7.Final 
2022-10-19 16:03:27.663 [restartedMain] DEBUG com.latrell.CommonToolsApplication - Running with Spring Boot v2.4.4, Spring v5.3.5 
2022-10-19 16:03:27.663 [restartedMain] INFO  com.latrell.CommonToolsApplication - No active profile set, falling back to default profiles: default 
2022-10-19 16:03:27.741 [restartedMain] INFO  o.s.b.d.env.DevToolsPropertyDefaultsPostProcessor - Devtools property defaults active! Set 'spring.devtools.add-properties' to 'false' to disable 
2022-10-19 16:03:27.741 [restartedMain] INFO  o.s.b.d.env.DevToolsPropertyDefaultsPostProcessor - For additional web related logging consider setting the 'logging.level.web' property to 'DEBUG' 
2022-10-19 16:03:28.273 [background-preinit] WARN  o.s.h.converter.json.Jackson2ObjectMapperBuilder - For Jackson Kotlin classes support please add "com.fasterxml.jackson.module:jackson-module-kotlin" to the classpath 
2022-10-19 16:03:28.973 [restartedMain] INFO  o.s.d.r.config.RepositoryConfigurationDelegate - Multiple Spring Data modules found, entering strict repository configuration mode! 
2022-10-19 16:03:28.973 [restartedMain] INFO  o.s.d.r.config.RepositoryConfigurationDelegate - Bootstrapping Spring Data Redis repositories in DEFAULT mode. 
2022-10-19 16:03:29.004 [restartedMain] INFO  o.s.d.r.config.RepositoryConfigurationDelegate - Finished Spring Data repository scanning in 16 ms. Found 0 Redis repository interfaces. 
2022-10-19 16:03:29.798 [restartedMain] INFO  o.s.boot.web.embedded.tomcat.TomcatWebServer - Tomcat initialized with port(s): 8180 (http) 
2022-10-19 16:03:29.810 [restartedMain] INFO  org.apache.coyote.http11.Http11NioProtocol - Initializing ProtocolHandler ["http-nio-8180"] 
2022-10-19 16:03:29.810 [restartedMain] INFO  org.apache.catalina.core.StandardService - Starting service [Tomcat] 
2022-10-19 16:03:29.810 [restartedMain] INFO  org.apache.catalina.core.StandardEngine - Starting Servlet engine: [Apache Tomcat/9.0.44] 
2022-10-19 16:03:29.929 [restartedMain] INFO  o.a.c.core.ContainerBase.[Tomcat].[localhost].[/] - Initializing Spring embedded WebApplicationContext 
2022-10-19 16:03:29.929 [restartedMain] INFO  o.s.b.w.s.c.ServletWebServerApplicationContext - Root WebApplicationContext: initialization completed in 2188 ms 
2022-10-19 16:03:30.128 [restartedMain] DEBUG c.l.common.config.spring.aspect.log.ApiLogFilter - Filter 'apiLogFilter' configured for use 
2022-10-19 16:03:36.156 [restartedMain] INFO  com.latrell.common.config.rocketmq.ApiLogConsumer - API 日志消费者 启动成功... 
2022-10-19 16:03:36.388 [restartedMain] INFO  com.latrell.common.config.rocketmq.ApiLogProducer - API 日志生产者 启动成功... 
2022-10-19 16:03:37.357 [restartedMain] INFO  s.d.s.w.PropertySourcedRequestMappingHandlerMapping - Mapped URL path [/v2/api-docs] onto method [springfox.documentation.swagger2.web.Swagger2Controller#getDocumentation(String, HttpServletRequest)] 
2022-10-19 16:03:37.452 [restartedMain] INFO  o.s.scheduling.concurrent.ThreadPoolTaskExecutor - Initializing ExecutorService 'applicationTaskExecutor' 
2022-10-19 16:03:37.478 [restartedMain] INFO  o.s.b.d.autoconfigure.OptionalLiveReloadServer - LiveReload server is running on port 35729 
2022-10-19 16:03:37.774 [restartedMain] INFO  org.flywaydb.core.internal.license.VersionPrinter - Flyway Community Edition 7.1.1 by Redgate 
2022-10-19 16:03:37.784 [restartedMain] INFO  com.zaxxer.hikari.HikariDataSource - HikariPool-1 - Starting... 
2022-10-19 16:03:37.906 [restartedMain] INFO  com.zaxxer.hikari.HikariDataSource - HikariPool-1 - Start completed. 
2022-10-19 16:03:37.957 [restartedMain] INFO  o.f.core.internal.database.base.DatabaseType - Database: jdbc:mysql://localhost:3306/common-tools (MySQL 5.7) 
2022-10-19 16:03:38.026 [restartedMain] INFO  org.flywaydb.core.internal.command.DbValidate - Successfully validated 3 migrations (execution time 00:00.034s) 
2022-10-19 16:03:38.042 [restartedMain] INFO  org.flywaydb.core.internal.command.DbMigrate - Current version of schema `common-tools`: 20221012140508 
2022-10-19 16:03:38.042 [restartedMain] INFO  org.flywaydb.core.internal.command.DbMigrate - Schema `common-tools` is up to date. No migration necessary. 
2022-10-19 16:03:38.131 [restartedMain] INFO  org.apache.coyote.http11.Http11NioProtocol - Starting ProtocolHandler ["http-nio-8180"] 
2022-10-19 16:03:38.142 [restartedMain] INFO  o.s.boot.web.embedded.tomcat.TomcatWebServer - Tomcat started on port(s): 8180 (http) with context path '' 
2022-10-19 16:03:38.143 [restartedMain] INFO  s.d.s.web.plugins.DocumentationPluginsBootstrapper - Context refreshed 
2022-10-19 16:03:38.159 [restartedMain] INFO  s.d.s.web.plugins.DocumentationPluginsBootstrapper - Found 1 custom documentation plugin(s) 
2022-10-19 16:03:38.178 [restartedMain] INFO  s.d.spring.web.scanners.ApiListingReferenceScanner - Scanning for api listing references 
2022-10-19 16:03:38.607 [restartedMain] INFO  com.latrell.CommonToolsApplication - Started CommonToolsApplication in 11.708 seconds (JVM running for 13.632) 
2022-10-19 16:03:38.607 [restartedMain] INFO  c.l.common.config.spring.event.CustomEventCaster - 应用启动成功后，发送通知事件 
2022-10-19 16:03:38.607 [restartedMain] INFO  com.latrell.CommonToolsApplication - application started! 
2022-10-19 16:03:43.812 [http-nio-8180-exec-1] INFO  o.a.c.core.ContainerBase.[Tomcat].[localhost].[/] - Initializing Spring DispatcherServlet 'dispatcherServlet' 
2022-10-19 16:03:43.813 [http-nio-8180-exec-1] INFO  org.springframework.web.servlet.DispatcherServlet - Initializing Servlet 'dispatcherServlet' 
2022-10-19 16:03:43.814 [http-nio-8180-exec-1] INFO  org.springframework.web.servlet.DispatcherServlet - Completed initialization in 1 ms 
2022-10-19 16:03:55.433 [http-nio-8180-exec-10] INFO  c.l.common.config.spring.aspect.log.ApiLogAspect - 操作IP地址：10.11.44.220，接口Uri: /api/user/getListByUserName，
请求参数：{"userName":["admin"]}，
响应内容：{"code":0,"data":[{"createdTime":"2022-10-11T22:34:01","gender":1,"password":"E10ADC3949BA59ABBE56E057F20F883E","phoneNumber":"15732156810","realName":"系统管理员","removed":0,"updatedTime":"2022-10-11T22:33:58","userId":1,"userName":"admin"}],"message":"成功","pageId":"common_tools","success":true}, 
接口请求耗时：0.319 s 
2022-10-19 16:03:55.439 [fixed-thread-0] WARN  c.l.common.config.mybatis.MybatisPlusObjectHandler - mybatis set updated_time error. org.apache.ibatis.reflection.ReflectionException: Could not set property 'updatedTime' of 'class com.latrell.test.domain.OperateLog' with value '2022-10-19T16:03:55.438' Cause: org.apache.ibatis.reflection.ReflectionException: There is no setter for property named 'updatedTime' in 'class com.latrell.test.domain.OperateLog' 
2022-10-19 16:03:59.528 [fixed-thread-0] WARN  com.latrell.common.config.rocketmq.ApiLogProducer - 生产者发送消息异常：{} 
org.apache.rocketmq.client.exception.MQClientException: No route info of this topic, apiLog
See http://rocketmq.apache.org/docs/faq/ for further details.
	at org.apache.rocketmq.client.impl.producer.DefaultMQProducerImpl.sendDefaultImpl(DefaultMQProducerImpl.java:662)
	at org.apache.rocketmq.client.impl.producer.DefaultMQProducerImpl.send(DefaultMQProducerImpl.java:1310)
	at org.apache.rocketmq.client.impl.producer.DefaultMQProducerImpl.send(DefaultMQProducerImpl.java:1256)
	at org.apache.rocketmq.client.producer.DefaultMQProducer.send(DefaultMQProducer.java:339)
	at com.latrell.common.config.rocketmq.ApiLogProducer.sendMsg(ApiLogProducer.java:61)
	at com.latrell.common.config.spring.aspect.log.ApiLogAspect.lambda$process$0(ApiLogAspect.java:83)
	at java.util.concurrent.Executors$RunnableAdapter.call(Executors.java:511)
	at java.util.concurrent.FutureTask.run(FutureTask.java:266)
	at java.util.concurrent.ThreadPoolExecutor.runWorker(ThreadPoolExecutor.java:1149)
	at java.util.concurrent.ThreadPoolExecutor$Worker.run(ThreadPoolExecutor.java:624)
	at java.lang.Thread.run(Thread.java:748)
2022-10-19 16:04:51.449 [restartedMain] INFO  com.latrell.CommonToolsApplication - Starting CommonToolsApplication using Java 1.8.0_172 on LAPTOP-G8L8NV6F with PID 24340 (E:\latrell-code\target\classes started by liz in E:\latrell-code) 
2022-10-19 16:04:51.449 [background-preinit] INFO  org.hibernate.validator.internal.util.Version - HV000001: Hibernate Validator 6.1.7.Final 
2022-10-19 16:04:51.454 [restartedMain] DEBUG com.latrell.CommonToolsApplication - Running with Spring Boot v2.4.4, Spring v5.3.5 
2022-10-19 16:04:51.455 [restartedMain] INFO  com.latrell.CommonToolsApplication - No active profile set, falling back to default profiles: default 
2022-10-19 16:04:51.525 [restartedMain] INFO  o.s.b.d.env.DevToolsPropertyDefaultsPostProcessor - Devtools property defaults active! Set 'spring.devtools.add-properties' to 'false' to disable 
2022-10-19 16:04:51.525 [restartedMain] INFO  o.s.b.d.env.DevToolsPropertyDefaultsPostProcessor - For additional web related logging consider setting the 'logging.level.web' property to 'DEBUG' 
2022-10-19 16:04:52.089 [background-preinit] WARN  o.s.h.converter.json.Jackson2ObjectMapperBuilder - For Jackson Kotlin classes support please add "com.fasterxml.jackson.module:jackson-module-kotlin" to the classpath 
2022-10-19 16:04:52.805 [restartedMain] INFO  o.s.d.r.config.RepositoryConfigurationDelegate - Multiple Spring Data modules found, entering strict repository configuration mode! 
2022-10-19 16:04:52.805 [restartedMain] INFO  o.s.d.r.config.RepositoryConfigurationDelegate - Bootstrapping Spring Data Redis repositories in DEFAULT mode. 
2022-10-19 16:04:52.836 [restartedMain] INFO  o.s.d.r.config.RepositoryConfigurationDelegate - Finished Spring Data repository scanning in 16 ms. Found 0 Redis repository interfaces. 
2022-10-19 16:04:53.640 [restartedMain] INFO  o.s.boot.web.embedded.tomcat.TomcatWebServer - Tomcat initialized with port(s): 8180 (http) 
2022-10-19 16:04:53.656 [restartedMain] INFO  org.apache.coyote.http11.Http11NioProtocol - Initializing ProtocolHandler ["http-nio-8180"] 
2022-10-19 16:04:53.656 [restartedMain] INFO  org.apache.catalina.core.StandardService - Starting service [Tomcat] 
2022-10-19 16:04:53.656 [restartedMain] INFO  org.apache.catalina.core.StandardEngine - Starting Servlet engine: [Apache Tomcat/9.0.44] 
2022-10-19 16:04:53.778 [restartedMain] INFO  o.a.c.core.ContainerBase.[Tomcat].[localhost].[/] - Initializing Spring embedded WebApplicationContext 
2022-10-19 16:04:53.778 [restartedMain] INFO  o.s.b.w.s.c.ServletWebServerApplicationContext - Root WebApplicationContext: initialization completed in 2253 ms 
2022-10-19 16:04:53.975 [restartedMain] DEBUG c.l.common.config.spring.aspect.log.ApiLogFilter - Filter 'apiLogFilter' configured for use 
2022-10-19 16:04:59.973 [restartedMain] INFO  com.latrell.common.config.rocketmq.ApiLogConsumer - API 日志消费者 启动成功... 
2022-10-19 16:05:00.170 [restartedMain] INFO  com.latrell.common.config.rocketmq.ApiLogProducer - API 日志生产者 启动成功... 
2022-10-19 16:05:01.111 [restartedMain] INFO  s.d.s.w.PropertySourcedRequestMappingHandlerMapping - Mapped URL path [/v2/api-docs] onto method [springfox.documentation.swagger2.web.Swagger2Controller#getDocumentation(String, HttpServletRequest)] 
2022-10-19 16:05:01.189 [restartedMain] INFO  o.s.scheduling.concurrent.ThreadPoolTaskExecutor - Initializing ExecutorService 'applicationTaskExecutor' 
2022-10-19 16:05:01.220 [restartedMain] INFO  o.s.b.d.autoconfigure.OptionalLiveReloadServer - LiveReload server is running on port 35729 
2022-10-19 16:05:01.459 [restartedMain] INFO  org.flywaydb.core.internal.license.VersionPrinter - Flyway Community Edition 7.1.1 by Redgate 
2022-10-19 16:05:01.461 [restartedMain] INFO  com.zaxxer.hikari.HikariDataSource - HikariPool-1 - Starting... 
2022-10-19 16:05:01.539 [restartedMain] INFO  com.zaxxer.hikari.HikariDataSource - HikariPool-1 - Start completed. 
2022-10-19 16:05:01.570 [restartedMain] INFO  o.f.core.internal.database.base.DatabaseType - Database: jdbc:mysql://localhost:3306/common-tools (MySQL 5.7) 
2022-10-19 16:05:01.659 [restartedMain] INFO  org.flywaydb.core.internal.command.DbValidate - Successfully validated 3 migrations (execution time 00:00.079s) 
2022-10-19 16:05:01.674 [restartedMain] INFO  org.flywaydb.core.internal.command.DbMigrate - Current version of schema `common-tools`: 20221012140508 
2022-10-19 16:05:01.674 [restartedMain] INFO  org.flywaydb.core.internal.command.DbMigrate - Schema `common-tools` is up to date. No migration necessary. 
2022-10-19 16:05:01.753 [restartedMain] INFO  org.apache.coyote.http11.Http11NioProtocol - Starting ProtocolHandler ["http-nio-8180"] 
2022-10-19 16:05:01.768 [restartedMain] INFO  o.s.boot.web.embedded.tomcat.TomcatWebServer - Tomcat started on port(s): 8180 (http) with context path '' 
2022-10-19 16:05:01.768 [restartedMain] INFO  s.d.s.web.plugins.DocumentationPluginsBootstrapper - Context refreshed 
2022-10-19 16:05:01.787 [restartedMain] INFO  s.d.s.web.plugins.DocumentationPluginsBootstrapper - Found 1 custom documentation plugin(s) 
2022-10-19 16:05:01.811 [restartedMain] INFO  s.d.spring.web.scanners.ApiListingReferenceScanner - Scanning for api listing references 
2022-10-19 16:05:02.161 [restartedMain] INFO  com.latrell.CommonToolsApplication - Started CommonToolsApplication in 12.0 seconds (JVM running for 14.213) 
2022-10-19 16:05:02.161 [restartedMain] INFO  c.l.common.config.spring.event.CustomEventCaster - 应用启动成功后，发送通知事件 
2022-10-19 16:05:02.161 [restartedMain] INFO  com.latrell.CommonToolsApplication - application started! 
2022-10-19 16:05:09.769 [http-nio-8180-exec-1] INFO  o.a.c.core.ContainerBase.[Tomcat].[localhost].[/] - Initializing Spring DispatcherServlet 'dispatcherServlet' 
2022-10-19 16:05:09.769 [http-nio-8180-exec-1] INFO  org.springframework.web.servlet.DispatcherServlet - Initializing Servlet 'dispatcherServlet' 
2022-10-19 16:05:09.770 [http-nio-8180-exec-1] INFO  org.springframework.web.servlet.DispatcherServlet - Completed initialization in 1 ms 
2022-10-19 16:05:18.637 [http-nio-8180-exec-10] INFO  c.l.common.config.spring.aspect.log.ApiLogAspect - 操作IP地址：10.11.44.220，
接口Uri: /api/user/getListByUserName，
请求参数：{"userName":["Nancy"]}，
响应内容：{"code":0,"data":[{"createdTime":"2022-10-13T09:49:43","gender":0,"password":"E10ADC3949BA59ABBE56E057F20F883E","phoneNumber":"19658741258","realName":"南孙","removed":0,"updatedTime":"2022-10-13T09:49:43","userId":12,"userName":"Nancy"}],"message":"成功","pageId":"common_tools","success":true}, 
接口请求耗时：0.316 s 
2022-10-19 16:05:18.642 [fixed-thread-0] WARN  c.l.common.config.mybatis.MybatisPlusObjectHandler - mybatis set updated_time error. org.apache.ibatis.reflection.ReflectionException: Could not set property 'updatedTime' of 'class com.latrell.test.domain.OperateLog' with value '2022-10-19T16:05:18.641' Cause: org.apache.ibatis.reflection.ReflectionException: There is no setter for property named 'updatedTime' in 'class com.latrell.test.domain.OperateLog' 
2022-10-19 16:05:22.676 [fixed-thread-0] WARN  com.latrell.common.config.rocketmq.ApiLogProducer - 生产者发送消息异常：{} 
org.apache.rocketmq.client.exception.MQClientException: No route info of this topic, apiLog
See http://rocketmq.apache.org/docs/faq/ for further details.
	at org.apache.rocketmq.client.impl.producer.DefaultMQProducerImpl.sendDefaultImpl(DefaultMQProducerImpl.java:662)
	at org.apache.rocketmq.client.impl.producer.DefaultMQProducerImpl.send(DefaultMQProducerImpl.java:1310)
	at org.apache.rocketmq.client.impl.producer.DefaultMQProducerImpl.send(DefaultMQProducerImpl.java:1256)
	at org.apache.rocketmq.client.producer.DefaultMQProducer.send(DefaultMQProducer.java:339)
	at com.latrell.common.config.rocketmq.ApiLogProducer.sendMsg(ApiLogProducer.java:61)
	at com.latrell.common.config.spring.aspect.log.ApiLogAspect.lambda$process$0(ApiLogAspect.java:83)
	at java.util.concurrent.Executors$RunnableAdapter.call(Executors.java:511)
	at java.util.concurrent.FutureTask.run(FutureTask.java:266)
	at java.util.concurrent.ThreadPoolExecutor.runWorker(ThreadPoolExecutor.java:1149)
	at java.util.concurrent.ThreadPoolExecutor$Worker.run(ThreadPoolExecutor.java:624)
	at java.lang.Thread.run(Thread.java:748)
2022-10-19 16:06:46.992 [restartedMain] INFO  com.latrell.CommonToolsApplication - Starting CommonToolsApplication using Java 1.8.0_172 on LAPTOP-G8L8NV6F with PID 26064 (E:\latrell-code\target\classes started by liz in E:\latrell-code) 
2022-10-19 16:06:46.992 [background-preinit] INFO  org.hibernate.validator.internal.util.Version - HV000001: Hibernate Validator 6.1.7.Final 
2022-10-19 16:06:47.008 [restartedMain] DEBUG com.latrell.CommonToolsApplication - Running with Spring Boot v2.4.4, Spring v5.3.5 
2022-10-19 16:06:47.008 [restartedMain] INFO  com.latrell.CommonToolsApplication - No active profile set, falling back to default profiles: default 
2022-10-19 16:06:47.086 [restartedMain] INFO  o.s.b.d.env.DevToolsPropertyDefaultsPostProcessor - Devtools property defaults active! Set 'spring.devtools.add-properties' to 'false' to disable 
2022-10-19 16:06:47.086 [restartedMain] INFO  o.s.b.d.env.DevToolsPropertyDefaultsPostProcessor - For additional web related logging consider setting the 'logging.level.web' property to 'DEBUG' 
2022-10-19 16:06:47.665 [background-preinit] WARN  o.s.h.converter.json.Jackson2ObjectMapperBuilder - For Jackson Kotlin classes support please add "com.fasterxml.jackson.module:jackson-module-kotlin" to the classpath 
2022-10-19 16:06:48.392 [restartedMain] INFO  o.s.d.r.config.RepositoryConfigurationDelegate - Multiple Spring Data modules found, entering strict repository configuration mode! 
2022-10-19 16:06:48.392 [restartedMain] INFO  o.s.d.r.config.RepositoryConfigurationDelegate - Bootstrapping Spring Data Redis repositories in DEFAULT mode. 
2022-10-19 16:06:48.424 [restartedMain] INFO  o.s.d.r.config.RepositoryConfigurationDelegate - Finished Spring Data repository scanning in 16 ms. Found 0 Redis repository interfaces. 
2022-10-19 16:06:49.259 [restartedMain] INFO  o.s.boot.web.embedded.tomcat.TomcatWebServer - Tomcat initialized with port(s): 8180 (http) 
2022-10-19 16:06:49.275 [restartedMain] INFO  org.apache.coyote.http11.Http11NioProtocol - Initializing ProtocolHandler ["http-nio-8180"] 
2022-10-19 16:06:49.275 [restartedMain] INFO  org.apache.catalina.core.StandardService - Starting service [Tomcat] 
2022-10-19 16:06:49.275 [restartedMain] INFO  org.apache.catalina.core.StandardEngine - Starting Servlet engine: [Apache Tomcat/9.0.44] 
2022-10-19 16:06:49.384 [restartedMain] INFO  o.a.c.core.ContainerBase.[Tomcat].[localhost].[/] - Initializing Spring embedded WebApplicationContext 
2022-10-19 16:06:49.384 [restartedMain] INFO  o.s.b.w.s.c.ServletWebServerApplicationContext - Root WebApplicationContext: initialization completed in 2298 ms 
2022-10-19 16:06:49.586 [restartedMain] DEBUG c.l.common.config.spring.aspect.log.ApiLogFilter - Filter 'apiLogFilter' configured for use 
2022-10-19 16:06:55.657 [restartedMain] INFO  com.latrell.common.config.rocketmq.ApiLogConsumer - API 日志消费者 启动成功... 
2022-10-19 16:06:55.856 [restartedMain] INFO  com.latrell.common.config.rocketmq.ApiLogProducer - API 日志生产者 启动成功... 
2022-10-19 16:06:56.787 [restartedMain] INFO  s.d.s.w.PropertySourcedRequestMappingHandlerMapping - Mapped URL path [/v2/api-docs] onto method [springfox.documentation.swagger2.web.Swagger2Controller#getDocumentation(String, HttpServletRequest)] 
2022-10-19 16:06:56.870 [restartedMain] INFO  o.s.scheduling.concurrent.ThreadPoolTaskExecutor - Initializing ExecutorService 'applicationTaskExecutor' 
2022-10-19 16:06:56.902 [restartedMain] INFO  o.s.b.d.autoconfigure.OptionalLiveReloadServer - LiveReload server is running on port 35729 
2022-10-19 16:06:57.167 [restartedMain] INFO  org.flywaydb.core.internal.license.VersionPrinter - Flyway Community Edition 7.1.1 by Redgate 
2022-10-19 16:06:57.172 [restartedMain] INFO  com.zaxxer.hikari.HikariDataSource - HikariPool-1 - Starting... 
2022-10-19 16:06:57.256 [restartedMain] INFO  com.zaxxer.hikari.HikariDataSource - HikariPool-1 - Start completed. 
2022-10-19 16:06:57.309 [restartedMain] INFO  o.f.core.internal.database.base.DatabaseType - Database: jdbc:mysql://localhost:3306/common-tools (MySQL 5.7) 
2022-10-19 16:06:57.356 [restartedMain] INFO  org.flywaydb.core.internal.command.DbValidate - Successfully validated 3 migrations (execution time 00:00.027s) 
2022-10-19 16:06:57.371 [restartedMain] INFO  org.flywaydb.core.internal.command.DbMigrate - Current version of schema `common-tools`: 20221012140508 
2022-10-19 16:06:57.371 [restartedMain] INFO  org.flywaydb.core.internal.command.DbMigrate - Schema `common-tools` is up to date. No migration necessary. 
2022-10-19 16:06:57.459 [restartedMain] INFO  org.apache.coyote.http11.Http11NioProtocol - Starting ProtocolHandler ["http-nio-8180"] 
2022-10-19 16:06:57.471 [restartedMain] INFO  o.s.boot.web.embedded.tomcat.TomcatWebServer - Tomcat started on port(s): 8180 (http) with context path '' 
2022-10-19 16:06:57.472 [restartedMain] INFO  s.d.s.web.plugins.DocumentationPluginsBootstrapper - Context refreshed 
2022-10-19 16:06:57.486 [restartedMain] INFO  s.d.s.web.plugins.DocumentationPluginsBootstrapper - Found 1 custom documentation plugin(s) 
2022-10-19 16:06:57.508 [restartedMain] INFO  s.d.spring.web.scanners.ApiListingReferenceScanner - Scanning for api listing references 
2022-10-19 16:06:57.873 [restartedMain] INFO  com.latrell.CommonToolsApplication - Started CommonToolsApplication in 11.663 seconds (JVM running for 13.373) 
2022-10-19 16:06:57.873 [restartedMain] INFO  c.l.common.config.spring.event.CustomEventCaster - 应用启动成功后，发送通知事件 
2022-10-19 16:06:57.873 [restartedMain] INFO  com.latrell.CommonToolsApplication - application started! 
2022-10-19 16:07:07.174 [http-nio-8180-exec-1] INFO  o.a.c.core.ContainerBase.[Tomcat].[localhost].[/] - Initializing Spring DispatcherServlet 'dispatcherServlet' 
2022-10-19 16:07:07.174 [http-nio-8180-exec-1] INFO  org.springframework.web.servlet.DispatcherServlet - Initializing Servlet 'dispatcherServlet' 
2022-10-19 16:07:07.175 [http-nio-8180-exec-1] INFO  org.springframework.web.servlet.DispatcherServlet - Completed initialization in 1 ms 
2022-10-19 16:07:17.113 [http-nio-8180-exec-10] INFO  c.l.common.config.spring.aspect.log.ApiLogAspect - 操作IP地址：10.11.44.220，
接口Uri: /api/user/getListByUserName，
请求参数：{"userName":["admin"]}，
响应内容：{"code":0,"data":[{"createdTime":"2022-10-11T22:34:01","gender":1,"password":"E10ADC3949BA59ABBE56E057F20F883E","phoneNumber":"15732156810","realName":"系统管理员","removed":0,"updatedTime":"2022-10-11T22:33:58","userId":1,"userName":"admin"}],"message":"成功","pageId":"common_tools","success":true}, 
接口请求耗时：0.315 s 
2022-10-19 16:07:17.119 [fixed-thread-0] WARN  c.l.common.config.mybatis.MybatisPlusObjectHandler - mybatis set updated_time error. org.apache.ibatis.reflection.ReflectionException: Could not set property 'updatedTime' of 'class com.latrell.test.domain.OperateLog' with value '2022-10-19T16:07:17.118' Cause: org.apache.ibatis.reflection.ReflectionException: There is no setter for property named 'updatedTime' in 'class com.latrell.test.domain.OperateLog' 
2022-10-19 16:07:21.203 [fixed-thread-0] WARN  com.latrell.common.config.rocketmq.ApiLogProducer - 生产者发送消息异常：{} 
org.apache.rocketmq.client.exception.MQClientException: No route info of this topic, apiLog
See http://rocketmq.apache.org/docs/faq/ for further details.
	at org.apache.rocketmq.client.impl.producer.DefaultMQProducerImpl.sendDefaultImpl(DefaultMQProducerImpl.java:662)
	at org.apache.rocketmq.client.impl.producer.DefaultMQProducerImpl.send(DefaultMQProducerImpl.java:1310)
	at org.apache.rocketmq.client.impl.producer.DefaultMQProducerImpl.send(DefaultMQProducerImpl.java:1256)
	at org.apache.rocketmq.client.producer.DefaultMQProducer.send(DefaultMQProducer.java:339)
	at com.latrell.common.config.rocketmq.ApiLogProducer.sendMsg(ApiLogProducer.java:61)
	at com.latrell.common.config.spring.aspect.log.ApiLogAspect.lambda$process$0(ApiLogAspect.java:83)
	at java.util.concurrent.Executors$RunnableAdapter.call(Executors.java:511)
	at java.util.concurrent.FutureTask.run(FutureTask.java:266)
	at java.util.concurrent.ThreadPoolExecutor.runWorker(ThreadPoolExecutor.java:1149)
	at java.util.concurrent.ThreadPoolExecutor$Worker.run(ThreadPoolExecutor.java:624)
	at java.lang.Thread.run(Thread.java:748)
