2022-10-20 14:46:27.838 [restartedMain] INFO  com.latrell.CommonToolsApplication - Starting CommonToolsApplication using Java 1.8.0_172 on LAPTOP-G8L8NV6F with PID 27236 (E:\latrell-code\target\classes started by liz in E:\latrell-code) 
2022-10-20 14:46:27.832 [background-preinit] INFO  org.hibernate.validator.internal.util.Version - HV000001: Hibernate Validator 6.1.7.Final 
2022-10-20 14:46:27.840 [restartedMain] DEBUG com.latrell.CommonToolsApplication - Running with Spring Boot v2.4.4, Spring v5.3.5 
2022-10-20 14:46:27.840 [restartedMain] INFO  com.latrell.CommonToolsApplication - No active profile set, falling back to default profiles: default 
2022-10-20 14:46:27.955 [restartedMain] INFO  o.s.b.d.env.DevToolsPropertyDefaultsPostProcessor - Devtools property defaults active! Set 'spring.devtools.add-properties' to 'false' to disable 
2022-10-20 14:46:27.956 [restartedMain] INFO  o.s.b.d.env.DevToolsPropertyDefaultsPostProcessor - For additional web related logging consider setting the 'logging.level.web' property to 'DEBUG' 
2022-10-20 14:46:28.607 [background-preinit] WARN  o.s.h.converter.json.Jackson2ObjectMapperBuilder - For Jackson Kotlin classes support please add "com.fasterxml.jackson.module:jackson-module-kotlin" to the classpath 
2022-10-20 14:46:29.800 [restartedMain] INFO  o.s.d.r.config.RepositoryConfigurationDelegate - Multiple Spring Data modules found, entering strict repository configuration mode! 
2022-10-20 14:46:29.803 [restartedMain] INFO  o.s.d.r.config.RepositoryConfigurationDelegate - Bootstrapping Spring Data Redis repositories in DEFAULT mode. 
2022-10-20 14:46:29.842 [restartedMain] INFO  o.s.d.r.config.RepositoryConfigurationDelegate - Finished Spring Data repository scanning in 18 ms. Found 0 Redis repository interfaces. 
2022-10-20 14:46:30.912 [restartedMain] INFO  o.s.boot.web.embedded.tomcat.TomcatWebServer - Tomcat initialized with port(s): 8180 (http) 
2022-10-20 14:46:30.924 [restartedMain] INFO  org.apache.coyote.http11.Http11NioProtocol - Initializing ProtocolHandler ["http-nio-8180"] 
2022-10-20 14:46:30.924 [restartedMain] INFO  org.apache.catalina.core.StandardService - Starting service [Tomcat] 
2022-10-20 14:46:30.925 [restartedMain] INFO  org.apache.catalina.core.StandardEngine - Starting Servlet engine: [Apache Tomcat/9.0.44] 
2022-10-20 14:46:31.065 [restartedMain] INFO  o.a.c.core.ContainerBase.[Tomcat].[localhost].[/] - Initializing Spring embedded WebApplicationContext 
2022-10-20 14:46:31.065 [restartedMain] INFO  o.s.b.w.s.c.ServletWebServerApplicationContext - Root WebApplicationContext: initialization completed in 3108 ms 
2022-10-20 14:46:31.311 [restartedMain] DEBUG c.l.common.config.spring.aspect.log.ApiLogFilter - Filter 'apiLogFilter' configured for use 
2022-10-20 14:46:37.622 [restartedMain] INFO  com.latrell.common.config.rocketmq.ApiLogConsumer - API 日志消费者 启动成功... 
2022-10-20 14:46:37.838 [restartedMain] INFO  com.latrell.common.config.rocketmq.ApiLogProducer - API 日志生产者 启动成功... 
2022-10-20 14:46:38.936 [restartedMain] INFO  s.d.s.w.PropertySourcedRequestMappingHandlerMapping - Mapped URL path [/v2/api-docs] onto method [springfox.documentation.swagger2.web.Swagger2Controller#getDocumentation(String, HttpServletRequest)] 
2022-10-20 14:46:39.054 [restartedMain] INFO  o.s.scheduling.concurrent.ThreadPoolTaskExecutor - Initializing ExecutorService 'applicationTaskExecutor' 
2022-10-20 14:46:39.105 [restartedMain] INFO  o.s.b.d.autoconfigure.OptionalLiveReloadServer - LiveReload server is running on port 35729 
2022-10-20 14:46:39.518 [restartedMain] INFO  org.flywaydb.core.internal.license.VersionPrinter - Flyway Community Edition 7.1.1 by Redgate 
2022-10-20 14:46:39.526 [restartedMain] INFO  com.zaxxer.hikari.HikariDataSource - HikariPool-1 - Starting... 
2022-10-20 14:46:39.688 [restartedMain] INFO  com.zaxxer.hikari.HikariDataSource - HikariPool-1 - Start completed. 
2022-10-20 14:46:39.741 [restartedMain] INFO  o.f.core.internal.database.base.DatabaseType - Database: jdbc:mysql://localhost:3306/common-tools (MySQL 5.7) 
2022-10-20 14:46:39.865 [restartedMain] INFO  org.flywaydb.core.internal.command.DbValidate - Successfully validated 3 migrations (execution time 00:00.082s) 
2022-10-20 14:46:39.885 [restartedMain] INFO  org.flywaydb.core.internal.command.DbMigrate - Current version of schema `common-tools`: 20221012140508 
2022-10-20 14:46:39.887 [restartedMain] INFO  org.flywaydb.core.internal.command.DbMigrate - Schema `common-tools` is up to date. No migration necessary. 
2022-10-20 14:46:39.990 [restartedMain] INFO  org.apache.coyote.http11.Http11NioProtocol - Starting ProtocolHandler ["http-nio-8180"] 
2022-10-20 14:46:40.007 [restartedMain] INFO  o.s.boot.web.embedded.tomcat.TomcatWebServer - Tomcat started on port(s): 8180 (http) with context path '' 
2022-10-20 14:46:40.008 [restartedMain] INFO  s.d.s.web.plugins.DocumentationPluginsBootstrapper - Context refreshed 
2022-10-20 14:46:40.034 [restartedMain] INFO  s.d.s.web.plugins.DocumentationPluginsBootstrapper - Found 1 custom documentation plugin(s) 
2022-10-20 14:46:40.077 [restartedMain] INFO  s.d.spring.web.scanners.ApiListingReferenceScanner - Scanning for api listing references 
2022-10-20 14:46:40.538 [restartedMain] INFO  com.latrell.CommonToolsApplication - Started CommonToolsApplication in 13.669 seconds (JVM running for 16.558) 
2022-10-20 14:46:40.539 [restartedMain] INFO  c.l.common.config.spring.event.CustomEventCaster - 应用启动成功后，发送通知事件 
2022-10-20 14:46:40.542 [restartedMain] INFO  com.latrell.CommonToolsApplication - application started! 
