2022-10-14 09:32:52.640 [restartedMain] INFO  com.latrell.CommonToolsApplication - Starting CommonToolsApplication using Java 1.8.0_172 on LAPTOP-G8L8NV6F with PID 6388 (E:\latrell-code\target\classes started by liz in E:\latrell-code) 
2022-10-14 09:32:52.647 [restartedMain] DEBUG com.latrell.CommonToolsApplication - Running with Spring Boot v2.4.4, Spring v5.3.5 
2022-10-14 09:32:52.648 [restartedMain] INFO  com.latrell.CommonToolsApplication - No active profile set, falling back to default profiles: default 
2022-10-14 09:32:52.889 [restartedMain] INFO  o.s.b.d.env.DevToolsPropertyDefaultsPostProcessor - Devtools property defaults active! Set 'spring.devtools.add-properties' to 'false' to disable 
2022-10-14 09:32:52.891 [restartedMain] INFO  o.s.b.d.env.DevToolsPropertyDefaultsPostProcessor - For additional web related logging consider setting the 'logging.level.web' property to 'DEBUG' 
2022-10-14 09:32:53.083 [background-preinit] INFO  org.hibernate.validator.internal.util.Version - HV000001: Hibernate Validator 6.1.7.Final 
2022-10-14 09:32:53.953 [background-preinit] WARN  o.s.h.converter.json.Jackson2ObjectMapperBuilder - For Jackson Kotlin classes support please add "com.fasterxml.jackson.module:jackson-module-kotlin" to the classpath 
2022-10-14 09:32:54.776 [restartedMain] INFO  o.s.d.r.config.RepositoryConfigurationDelegate - Multiple Spring Data modules found, entering strict repository configuration mode! 
2022-10-14 09:32:54.780 [restartedMain] INFO  o.s.d.r.config.RepositoryConfigurationDelegate - Bootstrapping Spring Data Redis repositories in DEFAULT mode. 
2022-10-14 09:32:54.811 [restartedMain] INFO  o.s.d.r.config.RepositoryConfigurationDelegate - Finished Spring Data repository scanning in 13 ms. Found 0 Redis repository interfaces. 
2022-10-14 09:32:55.679 [restartedMain] INFO  o.s.boot.web.embedded.tomcat.TomcatWebServer - Tomcat initialized with port(s): 8180 (http) 
2022-10-14 09:32:55.689 [restartedMain] INFO  org.apache.coyote.http11.Http11NioProtocol - Initializing ProtocolHandler ["http-nio-8180"] 
2022-10-14 09:32:55.690 [restartedMain] INFO  org.apache.catalina.core.StandardService - Starting service [Tomcat] 
2022-10-14 09:32:55.690 [restartedMain] INFO  org.apache.catalina.core.StandardEngine - Starting Servlet engine: [Apache Tomcat/9.0.44] 
2022-10-14 09:32:55.802 [restartedMain] INFO  o.a.c.core.ContainerBase.[Tomcat].[localhost].[/] - Initializing Spring embedded WebApplicationContext 
2022-10-14 09:32:55.802 [restartedMain] INFO  o.s.b.w.s.c.ServletWebServerApplicationContext - Root WebApplicationContext: initialization completed in 2906 ms 
2022-10-14 09:32:55.986 [restartedMain] DEBUG c.l.common.config.spring.aspect.log.ApiLogFilter - Filter 'apiLogFilter' configured for use 
2022-10-14 09:32:58.296 [restartedMain] INFO  com.latrell.common.config.rocketmq.ApiLogConsumer - API 日志消费者 启动成功... 
2022-10-14 09:32:58.564 [restartedMain] INFO  com.latrell.common.config.rocketmq.ApiLogProducer - API 日志生产者 启动成功... 
2022-10-14 09:32:59.938 [restartedMain] INFO  s.d.s.w.PropertySourcedRequestMappingHandlerMapping - Mapped URL path [/v2/api-docs] onto method [springfox.documentation.swagger2.web.Swagger2Controller#getDocumentation(String, HttpServletRequest)] 
2022-10-14 09:33:00.096 [restartedMain] INFO  o.s.scheduling.concurrent.ThreadPoolTaskExecutor - Initializing ExecutorService 'applicationTaskExecutor' 
2022-10-14 09:33:00.183 [restartedMain] INFO  o.s.b.d.autoconfigure.OptionalLiveReloadServer - LiveReload server is running on port 35729 
2022-10-14 09:33:00.548 [restartedMain] INFO  org.flywaydb.core.internal.license.VersionPrinter - Flyway Community Edition 7.1.1 by Redgate 
2022-10-14 09:33:00.556 [restartedMain] INFO  com.zaxxer.hikari.HikariDataSource - HikariPool-1 - Starting... 
2022-10-14 09:33:00.727 [restartedMain] INFO  com.zaxxer.hikari.HikariDataSource - HikariPool-1 - Start completed. 
2022-10-14 09:33:00.789 [restartedMain] INFO  o.f.core.internal.database.base.DatabaseType - Database: jdbc:mysql://localhost:3306/common-tools (MySQL 5.7) 
2022-10-14 09:33:00.965 [restartedMain] INFO  org.flywaydb.core.internal.command.DbValidate - Successfully validated 3 migrations (execution time 00:00.144s) 
2022-10-14 09:33:00.983 [restartedMain] INFO  org.flywaydb.core.internal.command.DbMigrate - Current version of schema `common-tools`: 20221012140508 
2022-10-14 09:33:00.984 [restartedMain] INFO  org.flywaydb.core.internal.command.DbMigrate - Schema `common-tools` is up to date. No migration necessary. 
2022-10-14 09:33:01.342 [restartedMain] INFO  org.apache.coyote.http11.Http11NioProtocol - Starting ProtocolHandler ["http-nio-8180"] 
2022-10-14 09:33:01.360 [restartedMain] INFO  o.s.boot.web.embedded.tomcat.TomcatWebServer - Tomcat started on port(s): 8180 (http) with context path '' 
2022-10-14 09:33:01.361 [restartedMain] INFO  s.d.s.web.plugins.DocumentationPluginsBootstrapper - Context refreshed 
2022-10-14 09:33:01.386 [restartedMain] INFO  s.d.s.web.plugins.DocumentationPluginsBootstrapper - Found 1 custom documentation plugin(s) 
2022-10-14 09:33:01.431 [restartedMain] INFO  s.d.spring.web.scanners.ApiListingReferenceScanner - Scanning for api listing references 
2022-10-14 09:33:01.640 [restartedMain] INFO  com.latrell.CommonToolsApplication - Started CommonToolsApplication in 10.69 seconds (JVM running for 12.044) 
2022-10-14 09:33:01.641 [restartedMain] INFO  c.l.common.config.spring.event.CustomEventCaster - 应用启动成功后，发送通知事件 
2022-10-14 09:33:01.644 [restartedMain] INFO  com.latrell.CommonToolsApplication - application started! 
2022-10-14 09:33:13.227 [restartedMain] INFO  com.latrell.CommonToolsApplication - Starting CommonToolsApplication using Java 1.8.0_172 on LAPTOP-G8L8NV6F with PID 14028 (E:\latrell-code\target\classes started by liz in E:\latrell-code) 
2022-10-14 09:33:13.223 [background-preinit] INFO  org.hibernate.validator.internal.util.Version - HV000001: Hibernate Validator 6.1.7.Final 
2022-10-14 09:33:13.229 [restartedMain] DEBUG com.latrell.CommonToolsApplication - Running with Spring Boot v2.4.4, Spring v5.3.5 
2022-10-14 09:33:13.229 [restartedMain] INFO  com.latrell.CommonToolsApplication - No active profile set, falling back to default profiles: default 
2022-10-14 09:33:13.314 [restartedMain] INFO  o.s.b.d.env.DevToolsPropertyDefaultsPostProcessor - Devtools property defaults active! Set 'spring.devtools.add-properties' to 'false' to disable 
2022-10-14 09:33:13.314 [restartedMain] INFO  o.s.b.d.env.DevToolsPropertyDefaultsPostProcessor - For additional web related logging consider setting the 'logging.level.web' property to 'DEBUG' 
2022-10-14 09:33:13.984 [background-preinit] WARN  o.s.h.converter.json.Jackson2ObjectMapperBuilder - For Jackson Kotlin classes support please add "com.fasterxml.jackson.module:jackson-module-kotlin" to the classpath 
2022-10-14 09:33:14.695 [restartedMain] INFO  o.s.d.r.config.RepositoryConfigurationDelegate - Multiple Spring Data modules found, entering strict repository configuration mode! 
2022-10-14 09:33:14.698 [restartedMain] INFO  o.s.d.r.config.RepositoryConfigurationDelegate - Bootstrapping Spring Data Redis repositories in DEFAULT mode. 
2022-10-14 09:33:14.726 [restartedMain] INFO  o.s.d.r.config.RepositoryConfigurationDelegate - Finished Spring Data repository scanning in 13 ms. Found 0 Redis repository interfaces. 
2022-10-14 09:33:15.593 [restartedMain] INFO  o.s.boot.web.embedded.tomcat.TomcatWebServer - Tomcat initialized with port(s): 8180 (http) 
2022-10-14 09:33:15.602 [restartedMain] INFO  org.apache.coyote.http11.Http11NioProtocol - Initializing ProtocolHandler ["http-nio-8180"] 
2022-10-14 09:33:15.603 [restartedMain] INFO  org.apache.catalina.core.StandardService - Starting service [Tomcat] 
2022-10-14 09:33:15.603 [restartedMain] INFO  org.apache.catalina.core.StandardEngine - Starting Servlet engine: [Apache Tomcat/9.0.44] 
2022-10-14 09:33:15.721 [restartedMain] INFO  o.a.c.core.ContainerBase.[Tomcat].[localhost].[/] - Initializing Spring embedded WebApplicationContext 
2022-10-14 09:33:15.721 [restartedMain] INFO  o.s.b.w.s.c.ServletWebServerApplicationContext - Root WebApplicationContext: initialization completed in 2406 ms 
2022-10-14 09:33:15.933 [restartedMain] DEBUG c.l.common.config.spring.aspect.log.ApiLogFilter - Filter 'apiLogFilter' configured for use 
2022-10-14 09:33:18.012 [restartedMain] INFO  com.latrell.common.config.rocketmq.ApiLogConsumer - API 日志消费者 启动成功... 
2022-10-14 09:33:18.287 [restartedMain] INFO  com.latrell.common.config.rocketmq.ApiLogProducer - API 日志生产者 启动成功... 
2022-10-14 09:33:19.470 [restartedMain] INFO  s.d.s.w.PropertySourcedRequestMappingHandlerMapping - Mapped URL path [/v2/api-docs] onto method [springfox.documentation.swagger2.web.Swagger2Controller#getDocumentation(String, HttpServletRequest)] 
2022-10-14 09:33:19.583 [restartedMain] INFO  o.s.scheduling.concurrent.ThreadPoolTaskExecutor - Initializing ExecutorService 'applicationTaskExecutor' 
2022-10-14 09:33:19.651 [restartedMain] INFO  o.s.b.d.autoconfigure.OptionalLiveReloadServer - LiveReload server is running on port 35729 
2022-10-14 09:33:19.923 [restartedMain] INFO  org.flywaydb.core.internal.license.VersionPrinter - Flyway Community Edition 7.1.1 by Redgate 
2022-10-14 09:33:19.930 [restartedMain] INFO  com.zaxxer.hikari.HikariDataSource - HikariPool-1 - Starting... 
2022-10-14 09:33:20.055 [restartedMain] INFO  com.zaxxer.hikari.HikariDataSource - HikariPool-1 - Start completed. 
2022-10-14 09:33:20.095 [restartedMain] INFO  o.f.core.internal.database.base.DatabaseType - Database: jdbc:mysql://localhost:3306/common-tools (MySQL 5.7) 
2022-10-14 09:33:20.153 [restartedMain] INFO  org.flywaydb.core.internal.command.DbValidate - Successfully validated 3 migrations (execution time 00:00.037s) 
2022-10-14 09:33:20.167 [restartedMain] INFO  org.flywaydb.core.internal.command.DbMigrate - Current version of schema `common-tools`: 20221012140508 
2022-10-14 09:33:20.168 [restartedMain] INFO  org.flywaydb.core.internal.command.DbMigrate - Schema `common-tools` is up to date. No migration necessary. 
2022-10-14 09:33:20.451 [restartedMain] INFO  org.apache.coyote.http11.Http11NioProtocol - Starting ProtocolHandler ["http-nio-8180"] 
2022-10-14 09:33:20.466 [restartedMain] INFO  o.s.boot.web.embedded.tomcat.TomcatWebServer - Tomcat started on port(s): 8180 (http) with context path '' 
2022-10-14 09:33:20.467 [restartedMain] INFO  s.d.s.web.plugins.DocumentationPluginsBootstrapper - Context refreshed 
2022-10-14 09:33:20.488 [restartedMain] INFO  s.d.s.web.plugins.DocumentationPluginsBootstrapper - Found 1 custom documentation plugin(s) 
2022-10-14 09:33:20.524 [restartedMain] INFO  s.d.spring.web.scanners.ApiListingReferenceScanner - Scanning for api listing references 
2022-10-14 09:33:20.698 [restartedMain] INFO  com.latrell.CommonToolsApplication - Started CommonToolsApplication in 8.24 seconds (JVM running for 9.97) 
2022-10-14 09:33:20.699 [restartedMain] INFO  c.l.common.config.spring.event.CustomEventCaster - 应用启动成功后，发送通知事件 
2022-10-14 09:33:20.701 [restartedMain] INFO  com.latrell.CommonToolsApplication - application started! 
2022-10-14 09:33:37.057 [http-nio-8180-exec-1] INFO  o.a.c.core.ContainerBase.[Tomcat].[localhost].[/] - Initializing Spring DispatcherServlet 'dispatcherServlet' 
2022-10-14 09:33:37.057 [http-nio-8180-exec-1] INFO  org.springframework.web.servlet.DispatcherServlet - Initializing Servlet 'dispatcherServlet' 
2022-10-14 09:33:37.059 [http-nio-8180-exec-1] INFO  org.springframework.web.servlet.DispatcherServlet - Completed initialization in 2 ms 
2022-10-14 09:34:14.185 [http-nio-8180-exec-10] INFO  c.l.common.config.spring.aspect.log.ApiLogAspect - 操作IP地址：10.11.44.220，接口Uri: /api/user/getListByUserName，请求参数：{"userName":["Cindy"]}，响应内容：{"code":0,"data":[{"createdTime":"2022-10-13T09:59:22","gender":0,"password":"E10ADC3949BA59ABBE56E057F20F883E","phoneNumber":"15478412589","realName":"森碟","removed":0,"updatedTime":"2022-10-13T09:59:22","userId":13,"userName":"Cindy"}],"message":"成功","pageId":"ailpha","success":true}, 操作时间：2022-10-14 09:34:13 
2022-10-14 09:34:14.192 [fixed-thread-0] WARN  c.l.common.config.mybatis.MybatisPlusObjectHandler - mybatis set updated_time error. org.apache.ibatis.reflection.ReflectionException: Could not set property 'updatedTime' of 'class com.latrell.test.domain.OperateLog' with value '2022-10-14T09:34:14.189' Cause: org.apache.ibatis.reflection.ReflectionException: There is no setter for property named 'updatedTime' in 'class com.latrell.test.domain.OperateLog' 
2022-10-14 09:34:14.485 [fixed-thread-0] INFO  com.latrell.common.config.rocketmq.ApiLogProducer - API日志Producer-创建消息-主题topic：apiLog，返回结果：{"messageQueue":{"brokerName":"LAPTOP-G8L8NV6F","queueId":2,"topic":"apiLog"},"msgId":"0A0B2CDC36CC18B4AAC2450067CA0000","offsetMsgId":"0A0B2CDC00002A9F0000000000003EE9","queueOffset":1,"regionId":"DefaultRegion","sendStatus":"SEND_OK","traceOn":true} 
